Log file open, 06/17/23 09:14:58
LogWindows: Failed to load 'aqProf.dll' (GetLastError=126)
LogWindows: File 'aqProf.dll' does not exist
LogWindows: Failed to load 'VtuneApi.dll' (GetLastError=126)
LogWindows: File 'VtuneApi.dll' does not exist
LogWindows: Failed to load 'VtuneApi32e.dll' (GetLastError=126)
LogWindows: File 'VtuneApi32e.dll' does not exist
LogConsoleResponse: Display: Failed to find resolution value strings in scalability ini. Falling back to default.
LogConsoleResponse: Display: Failed to find resolution value strings in scalability ini. Falling back to default.
LogInit: Display: Running engine for game: kakaton2
LogPlatformFile: Not using cached read wrapper
LogTaskGraph: Started task graph with 5 named threads and 23 total threads with 3 sets of task threads.
LogStats: Stats thread started at 16.203313
LogICUInternationalization: ICU TimeZone Detection - Raw Offset: +3:00, Platform Override: ''
LogInit: Display: Loading text-based GConfig....
LogPluginManager: Mounting plugin MeshPainting
LogPluginManager: Mounting plugin XGEController
LogPluginManager: Mounting plugin Paper2D
LogPluginManager: Mounting plugin LiveLink
LogPluginManager: Mounting plugin AISupport
LogPluginManager: Mounting plugin EnvironmentQueryEditor
LogPluginManager: Mounting plugin LightPropagationVolume
LogPluginManager: Mounting plugin CameraShakePreviewer
LogPluginManager: Mounting plugin GameplayCameras
LogPluginManager: Mounting plugin AnimationSharing
LogPluginManager: Mounting plugin OodleData
LogPluginManager: Mounting plugin OodleNetwork
LogPluginManager: Mounting plugin GitSourceControl
LogPluginManager: Mounting plugin CLionSourceCodeAccess
LogPluginManager: Mounting plugin CodeLiteSourceCodeAccess
LogPluginManager: Mounting plugin KDevelopSourceCodeAccess
LogPluginManager: Mounting plugin NullSourceCodeAccess
LogPluginManager: Mounting plugin PerforceSourceControl
LogPluginManager: Mounting plugin PlasticSourceControl
LogPluginManager: Mounting plugin PixWinPlugin
LogPluginManager: Mounting plugin PluginUtils
LogPluginManager: Mounting plugin PropertyAccessNode
LogPluginManager: Mounting plugin RiderSourceCodeAccess
LogPluginManager: Mounting plugin SubversionSourceControl
LogPluginManager: Mounting plugin TextureFormatOodle
LogPluginManager: Mounting plugin UObjectPlugin
LogPluginManager: Mounting plugin XCodeSourceCodeAccess
LogPluginManager: Mounting plugin VisualStudioCodeSourceCodeAccess
LogPluginManager: Mounting plugin VisualStudioSourceCodeAccess
LogPluginManager: Mounting plugin AssetManagerEditor
LogPluginManager: Mounting plugin DataValidation
LogPluginManager: Mounting plugin CryptoKeys
LogPluginManager: Mounting plugin CurveEditorTools
LogPluginManager: Mounting plugin FacialAnimation
LogPluginManager: Mounting plugin GameplayTagsEditor
LogPluginManager: Mounting plugin GeometryMode
LogPluginManager: Mounting plugin MacGraphicsSwitching
LogPluginManager: Mounting plugin MobileLauncherProfileWizard
LogPluginManager: Mounting plugin MaterialAnalyzer
LogPluginManager: Mounting plugin PluginBrowser
LogPluginManager: Mounting plugin SpeedTreeImporter
LogPluginManager: Mounting plugin AlembicImporter
LogPluginManager: Mounting plugin AutomationUtils
LogPluginManager: Mounting plugin BackChannel
LogPluginManager: Mounting plugin ChaosCloth
LogPluginManager: Mounting plugin ChaosEditor
LogPluginManager: Mounting plugin ChaosClothEditor
LogPluginManager: Mounting plugin ChaosNiagara
LogPluginManager: Mounting plugin ChaosSolverPlugin
LogPluginManager: Mounting plugin Niagara
LogPluginManager: Mounting plugin LuminPlatformFeatures
LogPluginManager: Mounting plugin MagicLeap
LogPluginManager: Mounting plugin MagicLeapLightEstimation
LogPluginManager: Mounting plugin CharacterAI
LogPluginManager: Mounting plugin DatasmithContent
LogPluginManager: Mounting plugin MagicLeapMedia
LogPluginManager: Mounting plugin MagicLeapPassableWorld
LogPluginManager: Mounting plugin MLSDK
LogPluginManager: Mounting plugin VariantManagerContent
LogPluginManager: Mounting plugin AndroidMedia
LogPluginManager: Mounting plugin GeometryCache
LogPluginManager: Mounting plugin GeometryCollectionPlugin
LogPluginManager: Mounting plugin AvfMedia
LogPluginManager: Mounting plugin ImgMedia
LogPluginManager: Mounting plugin MediaCompositing
LogPluginManager: Mounting plugin MediaPlayerEditor
LogPluginManager: Mounting plugin GeometryProcessing
LogPluginManager: Mounting plugin WebMMedia
LogPluginManager: Mounting plugin WmfMedia
LogPluginManager: Mounting plugin MotoSynth
LogPluginManager: Mounting plugin OpenImageDenoise
LogPluginManager: Mounting plugin PlanarCut
LogPluginManager: Mounting plugin ProxyLODPlugin
LogPluginManager: Mounting plugin PlatformCrypto
LogPluginManager: Mounting plugin PythonScriptPlugin
LogPluginManager: Mounting plugin SkeletalReduction
LogPluginManager: Mounting plugin OnlineSubsystem
LogPluginManager: Mounting plugin OnlineSubsystemNull
LogPluginManager: Mounting plugin OnlineSubsystemUtils
LogPluginManager: Mounting plugin UdpMessaging
LogPluginManager: Mounting plugin TcpMessaging
LogPluginManager: Mounting plugin ActorSequence
LogPluginManager: Mounting plugin LevelSequenceEditor
LogPluginManager: Mounting plugin LauncherChunkInstaller
LogPluginManager: Mounting plugin MatineeToLevelSequence
LogPluginManager: Mounting plugin TemplateSequence
LogPluginManager: Mounting plugin ActorLayerUtilities
LogPluginManager: Mounting plugin AndroidMoviePlayer
LogPluginManager: Mounting plugin AndroidDeviceProfileSelector
LogPluginManager: Mounting plugin AndroidPermission
LogPluginManager: Mounting plugin AppleImageUtils
LogPluginManager: Mounting plugin AppleMoviePlayer
LogPluginManager: Mounting plugin AssetTags
LogPluginManager: Mounting plugin ArchVisCharacter
LogPluginManager: Mounting plugin AudioCapture
LogPluginManager: Mounting plugin CableComponent
LogPluginManager: Mounting plugin AudioSynesthesia
LogPluginManager: Mounting plugin CustomMeshComponent
LogPluginManager: Mounting plugin ChunkDownloader
LogPluginManager: Mounting plugin EditableMesh
LogPluginManager: Mounting plugin ExampleDeviceProfileSelector
LogPluginManager: Mounting plugin GoogleCloudMessaging
LogPluginManager: Mounting plugin GooglePAD
LogPluginManager: Mounting plugin IOSDeviceProfileSelector
LogPluginManager: Mounting plugin LinuxDeviceProfileSelector
LogPluginManager: Mounting plugin LocationServicesBPLibrary
LogPluginManager: Mounting plugin MobilePatchingUtils
LogPluginManager: Mounting plugin OpenXR
LogPluginManager: Mounting plugin OpenXREyeTracker
LogPluginManager: Mounting plugin OpenXRHandTracking
LogPluginManager: Mounting plugin PhysXVehicles
LogPluginManager: Mounting plugin ScreenshotTools
LogPluginManager: Mounting plugin PostSplashScreen
LogPluginManager: Mounting plugin ProceduralMeshComponent
LogPluginManager: Mounting plugin PropertyAccessEditor
LogPluginManager: Mounting plugin RuntimePhysXCooking
LogPluginManager: Mounting plugin SignificanceManager
LogPluginManager: Mounting plugin SoundFields
LogPluginManager: Mounting plugin Takes
LogPluginManager: Mounting plugin Synthesis
LogPluginManager: Mounting plugin WebMMoviePlayer
LogPluginManager: Mounting plugin WindowsMoviePlayer
LogPluginManager: Mounting plugin ContentBrowserAssetDataSource
LogPluginManager: Mounting plugin ContentBrowserClassDataSource
LogPluginManager: Mounting plugin ContentBrowserFileDataSource
LogPluginManager: Mounting plugin OnlineSubsystemGooglePlay
LogPluginManager: Mounting plugin OnlineSubsystemIOS
LogPluginManager: Mounting plugin OculusVR
LogPluginManager: Mounting plugin SteamVR
PixWinPlugin: PIX capture plugin failed to initialize! Check that the process is launched from PIX.
LogInit: Using libcurl 7.55.1-DEV
LogInit:  - built for x86_64-pc-win32
LogInit:  - supports SSL with OpenSSL/1.1.1
LogInit:  - supports HTTP deflate (compression) using libz 1.2.8
LogInit:  - other features:
LogInit:      CURL_VERSION_SSL
LogInit:      CURL_VERSION_LIBZ
LogInit:      CURL_VERSION_IPV6
LogInit:      CURL_VERSION_ASYNCHDNS
LogInit:      CURL_VERSION_LARGEFILE
LogInit:      CURL_VERSION_IDN
LogInit:  CurlRequestOptions (configurable via config and command line):
LogInit:  - bVerifyPeer = true  - Libcurl will verify peer certificate
LogInit:  - bUseHttpProxy = false  - Libcurl will NOT use HTTP proxy
LogInit:  - bDontReuseConnections = false  - Libcurl will reuse connections
LogInit:  - MaxHostConnections = 16  - Libcurl will limit the number of connections to a host
LogInit:  - LocalHostAddr = Default
LogInit:  - BufferSize = 65536
LogOnline: OSS: Creating online subsystem instance for: NULL
LogInit: WinSock: version 1.1 (2.2), MaxSocks=32767, MaxUdp=65467
LogOnline: OSS: TryLoadSubsystemAndSetDefault: Loaded subsystem for module [NULL]
LogOculusPluginWrapper: OculusPlugin initialized successfully
LogHMD: Failed initializing OVRPlugin 1.59.0
LogInit: Build: ++UE4+Release-4.27-CL-18319896
LogInit: Engine Version: 4.27.2-18319896+++UE4+Release-4.27
LogInit: Compatible Engine Version: 4.27.0-17155196+++UE4+Release-4.27
LogInit: Net CL: 17155196
LogInit: OS: Windows 10 (Release 2009) (), CPU: AMD Ryzen 5 3500U with Radeon Vega Mobile Gfx  , GPU: AMD Radeon(TM) Vega 8 Graphics 
LogInit: Compiled (64-bit): Nov 30 2021 07:12:08
LogInit: Compiled with Visual C++: 19.24.28315.00
LogInit: Build Configuration: Development
LogInit: Branch Name: ++UE4+Release-4.27
LogInit: Command Line:  -EpicPortal -epicusername=ifraimka1 -epicuserid=06f63cddc4a94550a49ad65657fba174 -epiclocale=ru -epicsandboxid=ue
LogInit: Base Directory: D:/Games/UE_4.27/Engine/Binaries/Win64/
LogInit: Allocator: TBB
LogInit: Installed Engine Build: 1
LogDevObjectVersion: Number of dev versions registered: 29
LogDevObjectVersion:   Dev-Blueprints (B0D832E4-1F89-4F0D-ACCF-7EB736FD4AA2): 10
LogDevObjectVersion:   Dev-Build (E1C64328-A22C-4D53-A36C-8E866417BD8C): 0
LogDevObjectVersion:   Dev-Core (375EC13C-06E4-48FB-B500-84F0262A717E): 4
LogDevObjectVersion:   Dev-Editor (E4B068ED-F494-42E9-A231-DA0B2E46BB41): 40
LogDevObjectVersion:   Dev-Framework (CFFC743F-43B0-4480-9391-14DF171D2073): 37
LogDevObjectVersion:   Dev-Mobile (B02B49B5-BB20-44E9-A304-32B752E40360): 3
LogDevObjectVersion:   Dev-Networking (A4E4105C-59A1-49B5-A7C5-40C4547EDFEE): 0
LogDevObjectVersion:   Dev-Online (39C831C9-5AE6-47DC-9A44-9C173E1C8E7C): 0
LogDevObjectVersion:   Dev-Physics (78F01B33-EBEA-4F98-B9B4-84EACCB95AA2): 14
LogDevObjectVersion:   Dev-Platform (6631380F-2D4D-43E0-8009-CF276956A95A): 0
LogDevObjectVersion:   Dev-Rendering (12F88B9F-8875-4AFC-A67C-D90C383ABD29): 45
LogDevObjectVersion:   Dev-Sequencer (7B5AE74C-D270-4C10-A958-57980B212A5A): 13
LogDevObjectVersion:   Dev-VR (D7296918-1DD6-4BDD-9DE2-64A83CC13884): 3
LogDevObjectVersion:   Dev-LoadTimes (C2A15278-BFE7-4AFE-6C17-90FF531DF755): 1
LogDevObjectVersion:   Private-Geometry (6EACA3D4-40EC-4CC1-B786-8BED09428FC5): 3
LogDevObjectVersion:   Dev-AnimPhys (29E575DD-E0A3-4627-9D10-D276232CDCEA): 17
LogDevObjectVersion:   Dev-Anim (AF43A65D-7FD3-4947-9873-3E8ED9C1BB05): 15
LogDevObjectVersion:   Dev-ReflectionCapture (6B266CEC-1EC7-4B8F-A30B-E4D90942FC07): 1
LogDevObjectVersion:   Dev-Automation (0DF73D61-A23F-47EA-B727-89E90C41499A): 1
LogDevObjectVersion:   FortniteMain (601D1886-AC64-4F84-AA16-D3DE0DEAC7D6): 47
LogDevObjectVersion:   FortniteRelease (E7086368-6B23-4C58-8439-1B7016265E91): 1
LogDevObjectVersion:   Dev-Enterprise (9DFFBCD6-494F-0158-E221-12823C92A888): 10
LogDevObjectVersion:   Dev-Niagara (F2AED0AC-9AFE-416F-8664-AA7FFA26D6FC): 1
LogDevObjectVersion:   Dev-Destruction (174F1F0B-B4C6-45A5-B13F-2EE8D0FB917D): 10
LogDevObjectVersion:   Dev-Physics-Ext (35F94A83-E258-406C-A318-09F59610247C): 41
LogDevObjectVersion:   Dev-PhysicsMaterial-Chaos (B68FC16E-8B1B-42E2-B453-215C058844FE): 1
LogDevObjectVersion:   Dev-CineCamera (B2E18506-4273-CFC2-A54E-F4BB758BBA07): 1
LogDevObjectVersion:   Dev-VirtualProduction (64F58936-FD1B-42BA-BA96-7289D5D0FA4E): 1
LogDevObjectVersion:   Dev-MediaFramework (6F0ED827-A609-4895-9C91-998D90180EA4): 2
LogInit: Presizing for max 25165824 objects, including 0 objects not considered by GC, pre-allocating 0 bytes for permanent pool.
LogConfig: Applying CVar settings from Section [/Script/Engine.StreamingSettings] File [C:/Projects/sapr_hackaton_2023/unreal/kakaton2/Saved/Config/Windows/Engine.ini]
LogConfig: Setting CVar [[s.MinBulkDataSizeForAsyncLoading:131072]]
LogConfig: Setting CVar [[s.AsyncLoadingThreadEnabled:0]]
LogConfig: Setting CVar [[s.EventDrivenLoaderEnabled:1]]
LogConfig: Setting CVar [[s.WarnIfTimeLimitExceeded:0]]
LogConfig: Setting CVar [[s.TimeLimitExceededMultiplier:1.5]]
LogConfig: Setting CVar [[s.TimeLimitExceededMinTime:0.005]]
LogConfig: Setting CVar [[s.UseBackgroundLevelStreaming:1]]
LogConfig: Setting CVar [[s.PriorityAsyncLoadingExtraTime:15.0]]
LogConfig: Setting CVar [[s.LevelStreamingActorsUpdateTimeLimit:5.0]]
LogConfig: Setting CVar [[s.PriorityLevelStreamingActorsUpdateExtraTime:5.0]]
LogConfig: Setting CVar [[s.LevelStreamingComponentsRegistrationGranularity:10]]
LogConfig: Setting CVar [[s.UnregisterComponentsTimeLimit:1.0]]
LogConfig: Setting CVar [[s.LevelStreamingComponentsUnregistrationGranularity:5]]
LogConfig: Setting CVar [[s.FlushStreamingOnExit:1]]
LogInit: Object subsystem initialized
LogConfig: Setting CVar [[con.DebugEarlyDefault:1]]
LogConfig: Setting CVar [[r.setres:1280x720]]
[2023.06.17-06.15.10:216][  0]LogConfig: Setting CVar [[r.VSync:0]]
[2023.06.17-06.15.10:216][  0]LogConfig: Setting CVar [[r.RHICmdBypass:0]]
[2023.06.17-06.15.10:216][  0]LogConfig: Applying CVar settings from Section [/Script/Engine.RendererSettings] File [C:/Projects/sapr_hackaton_2023/unreal/kakaton2/Saved/Config/Windows/Engine.ini]
[2023.06.17-06.15.10:216][  0]LogConfig: Setting CVar [[r.GPUCrashDebugging:0]]
[2023.06.17-06.15.10:216][  0]LogConfig: Applying CVar settings from Section [/Script/Engine.RendererOverrideSettings] File [C:/Projects/sapr_hackaton_2023/unreal/kakaton2/Saved/Config/Windows/Engine.ini]
[2023.06.17-06.15.10:216][  0]LogConfig: Applying CVar settings from Section [/Script/Engine.StreamingSettings] File [C:/Projects/sapr_hackaton_2023/unreal/kakaton2/Saved/Config/Windows/Engine.ini]
[2023.06.17-06.15.10:216][  0]LogConfig: Setting CVar [[s.MinBulkDataSizeForAsyncLoading:131072]]
[2023.06.17-06.15.10:216][  0]LogConfig: Setting CVar [[s.AsyncLoadingThreadEnabled:0]]
[2023.06.17-06.15.10:216][  0]LogConfig: Setting CVar [[s.EventDrivenLoaderEnabled:1]]
[2023.06.17-06.15.10:216][  0]LogConfig: Setting CVar [[s.WarnIfTimeLimitExceeded:0]]
[2023.06.17-06.15.10:216][  0]LogConfig: Setting CVar [[s.TimeLimitExceededMultiplier:1.5]]
[2023.06.17-06.15.10:216][  0]LogConfig: Setting CVar [[s.TimeLimitExceededMinTime:0.005]]
[2023.06.17-06.15.10:216][  0]LogConfig: Setting CVar [[s.UseBackgroundLevelStreaming:1]]
[2023.06.17-06.15.10:216][  0]LogConfig: Setting CVar [[s.PriorityAsyncLoadingExtraTime:15.0]]
[2023.06.17-06.15.10:216][  0]LogConfig: Setting CVar [[s.LevelStreamingActorsUpdateTimeLimit:5.0]]
[2023.06.17-06.15.10:216][  0]LogConfig: Setting CVar [[s.PriorityLevelStreamingActorsUpdateExtraTime:5.0]]
[2023.06.17-06.15.10:216][  0]LogConfig: Setting CVar [[s.LevelStreamingComponentsRegistrationGranularity:10]]
[2023.06.17-06.15.10:216][  0]LogConfig: Setting CVar [[s.UnregisterComponentsTimeLimit:1.0]]
[2023.06.17-06.15.10:216][  0]LogConfig: Setting CVar [[s.LevelStreamingComponentsUnregistrationGranularity:5]]
[2023.06.17-06.15.10:216][  0]LogConfig: Setting CVar [[s.FlushStreamingOnExit:1]]
[2023.06.17-06.15.10:216][  0]LogConfig: Applying CVar settings from Section [/Script/Engine.GarbageCollectionSettings] File [C:/Projects/sapr_hackaton_2023/unreal/kakaton2/Saved/Config/Windows/Engine.ini]
[2023.06.17-06.15.10:216][  0]LogConfig: Setting CVar [[gc.MaxObjectsNotConsideredByGC:1]]
[2023.06.17-06.15.10:216][  0]LogConfig: Setting CVar [[gc.SizeOfPermanentObjectPool:0]]
[2023.06.17-06.15.10:216][  0]LogConfig: Setting CVar [[gc.FlushStreamingOnGC:0]]
[2023.06.17-06.15.10:216][  0]LogConfig: Setting CVar [[gc.NumRetriesBeforeForcingGC:10]]
[2023.06.17-06.15.10:216][  0]LogConfig: Setting CVar [[gc.AllowParallelGC:1]]
[2023.06.17-06.15.10:216][  0]LogConfig: Setting CVar [[gc.TimeBetweenPurgingPendingKillObjects:61.1]]
[2023.06.17-06.15.10:216][  0]LogConfig: Setting CVar [[gc.MaxObjectsInEditor:25165824]]
[2023.06.17-06.15.10:216][  0]LogConfig: Setting CVar [[gc.IncrementalBeginDestroyEnabled:1]]
[2023.06.17-06.15.10:216][  0]LogConfig: Setting CVar [[gc.CreateGCClusters:1]]
[2023.06.17-06.15.10:216][  0]LogConfig: Setting CVar [[gc.MinGCClusterSize:5]]
[2023.06.17-06.15.10:216][  0]LogConfig: Setting CVar [[gc.ActorClusteringEnabled:0]]
[2023.06.17-06.15.10:216][  0]LogConfig: Setting CVar [[gc.BlueprintClusteringEnabled:0]]
[2023.06.17-06.15.10:216][  0]LogConfig: Setting CVar [[gc.UseDisregardForGCOnDedicatedServers:0]]
[2023.06.17-06.15.10:216][  0]LogConfig: Setting CVar [[gc.MultithreadedDestructionEnabled:1]]
[2023.06.17-06.15.10:216][  0]LogConfig: Applying CVar settings from Section [/Script/Engine.NetworkSettings] File [C:/Projects/sapr_hackaton_2023/unreal/kakaton2/Saved/Config/Windows/Engine.ini]
[2023.06.17-06.15.10:216][  0]LogConfig: Applying CVar settings from Section [/Script/UnrealEd.CookerSettings] File [C:/Projects/sapr_hackaton_2023/unreal/kakaton2/Saved/Config/Windows/Engine.ini]
[2023.06.17-06.15.10:275][  0]LogConfig: Applying CVar settings from Section [ViewDistanceQuality@3] File [C:/Projects/sapr_hackaton_2023/unreal/kakaton2/Saved/Config/Windows/Scalability.ini]
[2023.06.17-06.15.10:275][  0]LogConfig: Setting CVar [[r.SkeletalMeshLODBias:0]]
[2023.06.17-06.15.10:275][  0]LogConfig: Setting CVar [[r.ViewDistanceScale:1.0]]
[2023.06.17-06.15.10:275][  0]LogConfig: Applying CVar settings from Section [AntiAliasingQuality@3] File [C:/Projects/sapr_hackaton_2023/unreal/kakaton2/Saved/Config/Windows/Scalability.ini]
[2023.06.17-06.15.10:275][  0]LogConfig: Setting CVar [[r.PostProcessAAQuality:4]]
[2023.06.17-06.15.10:275][  0]LogConfig: Applying CVar settings from Section [ShadowQuality@3] File [C:/Projects/sapr_hackaton_2023/unreal/kakaton2/Saved/Config/Windows/Scalability.ini]
[2023.06.17-06.15.10:275][  0]LogConfig: Setting CVar [[r.LightFunctionQuality:1]]
[2023.06.17-06.15.10:275][  0]LogConfig: Setting CVar [[r.ShadowQuality:5]]
[2023.06.17-06.15.10:275][  0]LogConfig: Setting CVar [[r.Shadow.CSM.MaxCascades:10]]
[2023.06.17-06.15.10:275][  0]LogConfig: Setting CVar [[r.Shadow.MaxResolution:2048]]
[2023.06.17-06.15.10:275][  0]LogConfig: Setting CVar [[r.Shadow.MaxCSMResolution:2048]]
[2023.06.17-06.15.10:275][  0]LogConfig: Setting CVar [[r.Shadow.RadiusThreshold:0.01]]
[2023.06.17-06.15.10:275][  0]LogConfig: Setting CVar [[r.Shadow.DistanceScale:1.0]]
[2023.06.17-06.15.10:275][  0]LogConfig: Setting CVar [[r.Shadow.CSM.TransitionScale:1.0]]
[2023.06.17-06.15.10:275][  0]LogConfig: Setting CVar [[r.Shadow.PreShadowResolutionFactor:1.0]]
[2023.06.17-06.15.10:275][  0]LogConfig: Setting CVar [[r.DistanceFieldShadowing:1]]
[2023.06.17-06.15.10:275][  0]LogConfig: Setting CVar [[r.DistanceFieldAO:1]]
[2023.06.17-06.15.10:275][  0]LogConfig: Setting CVar [[r.AOQuality:2]]
[2023.06.17-06.15.10:275][  0]LogConfig: Setting CVar [[r.VolumetricFog:1]]
[2023.06.17-06.15.10:275][  0]LogConfig: Setting CVar [[r.VolumetricFog.GridPixelSize:8]]
[2023.06.17-06.15.10:275][  0]LogConfig: Setting CVar [[r.VolumetricFog.GridSizeZ:128]]
[2023.06.17-06.15.10:275][  0]LogConfig: Setting CVar [[r.VolumetricFog.HistoryMissSupersampleCount:4]]
[2023.06.17-06.15.10:275][  0]LogConfig: Setting CVar [[r.LightMaxDrawDistanceScale:1]]
[2023.06.17-06.15.10:275][  0]LogConfig: Setting CVar [[r.CapsuleShadows:1]]
[2023.06.17-06.15.10:275][  0]LogConfig: Applying CVar settings from Section [PostProcessQuality@3] File [C:/Projects/sapr_hackaton_2023/unreal/kakaton2/Saved/Config/Windows/Scalability.ini]
[2023.06.17-06.15.10:275][  0]LogConfig: Setting CVar [[r.MotionBlurQuality:4]]
[2023.06.17-06.15.10:275][  0]LogConfig: Setting CVar [[r.AmbientOcclusionMipLevelFactor:0.4]]
[2023.06.17-06.15.10:275][  0]LogConfig: Setting CVar [[r.AmbientOcclusionMaxQuality:100]]
[2023.06.17-06.15.10:275][  0]LogConfig: Setting CVar [[r.AmbientOcclusionLevels:-1]]
[2023.06.17-06.15.10:275][  0]LogConfig: Setting CVar [[r.AmbientOcclusionRadiusScale:1.0]]
[2023.06.17-06.15.10:275][  0]LogConfig: Setting CVar [[r.DepthOfFieldQuality:2]]
[2023.06.17-06.15.10:275][  0]LogConfig: Setting CVar [[r.RenderTargetPoolMin:400]]
[2023.06.17-06.15.10:275][  0]LogConfig: Setting CVar [[r.LensFlareQuality:2]]
[2023.06.17-06.15.10:275][  0]LogConfig: Setting CVar [[r.SceneColorFringeQuality:1]]
[2023.06.17-06.15.10:275][  0]LogConfig: Setting CVar [[r.EyeAdaptationQuality:2]]
[2023.06.17-06.15.10:275][  0]LogConfig: Setting CVar [[r.BloomQuality:5]]
[2023.06.17-06.15.10:275][  0]LogConfig: Setting CVar [[r.FastBlurThreshold:100]]
[2023.06.17-06.15.10:275][  0]LogConfig: Setting CVar [[r.Upscale.Quality:3]]
[2023.06.17-06.15.10:275][  0]LogConfig: Setting CVar [[r.Tonemapper.GrainQuantization:1]]
[2023.06.17-06.15.10:275][  0]LogConfig: Setting CVar [[r.LightShaftQuality:1]]
[2023.06.17-06.15.10:275][  0]LogConfig: Setting CVar [[r.Filter.SizeScale:1]]
[2023.06.17-06.15.10:275][  0]LogConfig: Setting CVar [[r.Tonemapper.Quality:5]]
[2023.06.17-06.15.10:275][  0]LogConfig: Setting CVar [[r.DOF.Gather.AccumulatorQuality:1        ; higher gathering accumulator quality]]
[2023.06.17-06.15.10:275][  0]LogConfig: Setting CVar [[r.DOF.Gather.PostfilterMethod:1          ; Median3x3 postfilering method]]
[2023.06.17-06.15.10:275][  0]LogConfig: Setting CVar [[r.DOF.Gather.EnableBokehSettings:0       ; no bokeh simulation when gathering]]
[2023.06.17-06.15.10:275][  0]LogConfig: Setting CVar [[r.DOF.Gather.RingCount:4                 ; medium number of samples when gathering]]
[2023.06.17-06.15.10:275][  0]LogConfig: Setting CVar [[r.DOF.Scatter.ForegroundCompositing:1    ; additive foreground scattering]]
[2023.06.17-06.15.10:276][  0]LogConfig: Setting CVar [[r.DOF.Scatter.BackgroundCompositing:2    ; additive background scattering]]
[2023.06.17-06.15.10:276][  0]LogConfig: Setting CVar [[r.DOF.Scatter.EnableBokehSettings:1      ; bokeh simulation when scattering]]
[2023.06.17-06.15.10:276][  0]LogConfig: Setting CVar [[r.DOF.Scatter.MaxSpriteRatio:0.1         ; only a maximum of 10% of scattered bokeh]]
[2023.06.17-06.15.10:276][  0]LogConfig: Setting CVar [[r.DOF.Recombine.Quality:1                ; cheap slight out of focus]]
[2023.06.17-06.15.10:276][  0]LogConfig: Setting CVar [[r.DOF.Recombine.EnableBokehSettings:0    ; no bokeh simulation on slight out of focus]]
[2023.06.17-06.15.10:276][  0]LogConfig: Setting CVar [[r.DOF.TemporalAAQuality:1                ; more stable temporal accumulation]]
[2023.06.17-06.15.10:276][  0]LogConfig: Setting CVar [[r.DOF.Kernel.MaxForegroundRadius:0.025]]
[2023.06.17-06.15.10:276][  0]LogConfig: Setting CVar [[r.DOF.Kernel.MaxBackgroundRadius:0.025]]
[2023.06.17-06.15.10:276][  0]LogConfig: Applying CVar settings from Section [TextureQuality@3] File [C:/Projects/sapr_hackaton_2023/unreal/kakaton2/Saved/Config/Windows/Scalability.ini]
[2023.06.17-06.15.10:276][  0]LogConfig: Setting CVar [[r.Streaming.MipBias:0]]
[2023.06.17-06.15.10:276][  0]LogConfig: Setting CVar [[r.Streaming.AmortizeCPUToGPUCopy:0]]
[2023.06.17-06.15.10:276][  0]LogConfig: Setting CVar [[r.Streaming.MaxNumTexturesToStreamPerFrame:0]]
[2023.06.17-06.15.10:276][  0]LogConfig: Setting CVar [[r.Streaming.Boost:1]]
[2023.06.17-06.15.10:276][  0]LogConfig: Setting CVar [[r.MaxAnisotropy:8]]
[2023.06.17-06.15.10:276][  0]LogConfig: Setting CVar [[r.VT.MaxAnisotropy:8]]
[2023.06.17-06.15.10:276][  0]LogConfig: Setting CVar [[r.Streaming.LimitPoolSizeToVRAM:0]]
[2023.06.17-06.15.10:276][  0]LogConfig: Setting CVar [[r.Streaming.PoolSize:1000]]
[2023.06.17-06.15.10:276][  0]LogConfig: Setting CVar [[r.Streaming.MaxEffectiveScreenSize:0]]
[2023.06.17-06.15.10:276][  0]LogConfig: Applying CVar settings from Section [EffectsQuality@3] File [C:/Projects/sapr_hackaton_2023/unreal/kakaton2/Saved/Config/Windows/Scalability.ini]
[2023.06.17-06.15.10:276][  0]LogConfig: Setting CVar [[r.TranslucencyLightingVolumeDim:64]]
[2023.06.17-06.15.10:276][  0]LogConfig: Setting CVar [[r.RefractionQuality:2]]
[2023.06.17-06.15.10:276][  0]LogConfig: Setting CVar [[r.SSR.Quality:3]]
[2023.06.17-06.15.10:276][  0]LogConfig: Setting CVar [[r.SSR.HalfResSceneColor:0]]
[2023.06.17-06.15.10:276][  0]LogConfig: Setting CVar [[r.SceneColorFormat:4]]
[2023.06.17-06.15.10:276][  0]LogConfig: Setting CVar [[r.DetailMode:2]]
[2023.06.17-06.15.10:276][  0]LogConfig: Setting CVar [[r.TranslucencyVolumeBlur:1]]
[2023.06.17-06.15.10:276][  0]LogConfig: Setting CVar [[r.MaterialQualityLevel:1 ; High quality]]
[2023.06.17-06.15.10:276][  0]LogConfig: Setting CVar [[r.AnisotropicMaterials:1]]
[2023.06.17-06.15.10:276][  0]LogConfig: Setting CVar [[r.SSS.Scale:1]]
[2023.06.17-06.15.10:276][  0]LogConfig: Setting CVar [[r.SSS.SampleSet:2]]
[2023.06.17-06.15.10:276][  0]LogConfig: Setting CVar [[r.SSS.Quality:1]]
[2023.06.17-06.15.10:276][  0]LogConfig: Setting CVar [[r.SSS.HalfRes:0]]
[2023.06.17-06.15.10:276][  0]LogConfig: Setting CVar [[r.SSGI.Quality:3]]
[2023.06.17-06.15.10:276][  0]LogConfig: Setting CVar [[r.EmitterSpawnRateScale:1.0]]
[2023.06.17-06.15.10:276][  0]LogConfig: Setting CVar [[r.ParticleLightQuality:2]]
[2023.06.17-06.15.10:276][  0]LogConfig: Setting CVar [[r.SkyAtmosphere.AerialPerspectiveLUT.FastApplyOnOpaque:1 ; Always have FastSkyLUT 1 in this case to avoid wrong sky]]
[2023.06.17-06.15.10:276][  0]LogConfig: Setting CVar [[r.SkyAtmosphere.AerialPerspectiveLUT.SampleCountMaxPerSlice:4]]
[2023.06.17-06.15.10:276][  0]LogConfig: Setting CVar [[r.SkyAtmosphere.AerialPerspectiveLUT.DepthResolution:16.0]]
[2023.06.17-06.15.10:276][  0]LogConfig: Setting CVar [[r.SkyAtmosphere.FastSkyLUT:1]]
[2023.06.17-06.15.10:276][  0]LogConfig: Setting CVar [[r.SkyAtmosphere.FastSkyLUT.SampleCountMin:4.0]]
[2023.06.17-06.15.10:276][  0]LogConfig: Setting CVar [[r.SkyAtmosphere.FastSkyLUT.SampleCountMax:128.0]]
[2023.06.17-06.15.10:276][  0]LogConfig: Setting CVar [[r.SkyAtmosphere.SampleCountMin:4.0]]
[2023.06.17-06.15.10:276][  0]LogConfig: Setting CVar [[r.SkyAtmosphere.SampleCountMax:128.0]]
[2023.06.17-06.15.10:276][  0]LogConfig: Setting CVar [[r.SkyAtmosphere.TransmittanceLUT.UseSmallFormat:0]]
[2023.06.17-06.15.10:276][  0]LogConfig: Setting CVar [[r.SkyAtmosphere.TransmittanceLUT.SampleCount:10.0]]
[2023.06.17-06.15.10:276][  0]LogConfig: Setting CVar [[r.SkyAtmosphere.MultiScatteringLUT.SampleCount:15.0]]
[2023.06.17-06.15.10:276][  0]LogConfig: Setting CVar [[r.SkyLight.RealTimeReflectionCapture:1]]
[2023.06.17-06.15.10:276][  0]LogConfig: Applying CVar settings from Section [FoliageQuality@3] File [C:/Projects/sapr_hackaton_2023/unreal/kakaton2/Saved/Config/Windows/Scalability.ini]
[2023.06.17-06.15.10:276][  0]LogConfig: Setting CVar [[foliage.DensityScale:1.0]]
[2023.06.17-06.15.10:276][  0]LogConfig: Setting CVar [[grass.DensityScale:1.0]]
[2023.06.17-06.15.10:276][  0]LogConfig: Applying CVar settings from Section [ShadingQuality@3] File [C:/Projects/sapr_hackaton_2023/unreal/kakaton2/Saved/Config/Windows/Scalability.ini]
[2023.06.17-06.15.10:276][  0]LogConfig: Setting CVar [[r.HairStrands.SkyLighting.IntegrationType:2]]
[2023.06.17-06.15.10:276][  0]LogConfig: Setting CVar [[r.HairStrands.SkyAO.SampleCount:4]]
[2023.06.17-06.15.10:276][  0]LogConfig: Setting CVar [[r.HairStrands.Visibility.MSAA.SamplePerPixel:4]]
[2023.06.17-06.15.10:285][  0]LogInit: Selected Device Profile: [Windows]
[2023.06.17-06.15.10:285][  0]LogInit: Applying CVar settings loaded from the selected device profile: [Windows]
[2023.06.17-06.15.10:294][  0]LogHAL: Display: Platform has ~ 7 GB [7448702976 / 8589934592 / 7], which maps to Smaller [LargestMinGB=32, LargerMinGB=12, DefaultMinGB=8, SmallerMinGB=6, SmallestMinGB=0)
[2023.06.17-06.15.10:294][  0]LogInit: Going up to parent DeviceProfile []
[2023.06.17-06.15.10:294][  0]LogConfig: Applying CVar settings from Section [ViewDistanceQuality@3] File [C:/Projects/sapr_hackaton_2023/unreal/kakaton2/Saved/Config/Windows/Scalability.ini]
[2023.06.17-06.15.10:294][  0]LogConfig: Setting CVar [[r.SkeletalMeshLODBias:0]]
[2023.06.17-06.15.10:294][  0]LogConfig: Setting CVar [[r.ViewDistanceScale:1.0]]
[2023.06.17-06.15.10:294][  0]LogConfig: Applying CVar settings from Section [AntiAliasingQuality@3] File [C:/Projects/sapr_hackaton_2023/unreal/kakaton2/Saved/Config/Windows/Scalability.ini]
[2023.06.17-06.15.10:294][  0]LogConfig: Setting CVar [[r.PostProcessAAQuality:4]]
[2023.06.17-06.15.10:294][  0]LogConfig: Applying CVar settings from Section [ShadowQuality@3] File [C:/Projects/sapr_hackaton_2023/unreal/kakaton2/Saved/Config/Windows/Scalability.ini]
[2023.06.17-06.15.10:294][  0]LogConfig: Setting CVar [[r.LightFunctionQuality:1]]
[2023.06.17-06.15.10:295][  0]LogConfig: Setting CVar [[r.ShadowQuality:5]]
[2023.06.17-06.15.10:295][  0]LogConfig: Setting CVar [[r.Shadow.CSM.MaxCascades:10]]
[2023.06.17-06.15.10:295][  0]LogConfig: Setting CVar [[r.Shadow.MaxResolution:2048]]
[2023.06.17-06.15.10:295][  0]LogConfig: Setting CVar [[r.Shadow.MaxCSMResolution:2048]]
[2023.06.17-06.15.10:295][  0]LogConfig: Setting CVar [[r.Shadow.RadiusThreshold:0.01]]
[2023.06.17-06.15.10:295][  0]LogConfig: Setting CVar [[r.Shadow.DistanceScale:1.0]]
[2023.06.17-06.15.10:295][  0]LogConfig: Setting CVar [[r.Shadow.CSM.TransitionScale:1.0]]
[2023.06.17-06.15.10:295][  0]LogConfig: Setting CVar [[r.Shadow.PreShadowResolutionFactor:1.0]]
[2023.06.17-06.15.10:295][  0]LogConfig: Setting CVar [[r.DistanceFieldShadowing:1]]
[2023.06.17-06.15.10:295][  0]LogConfig: Setting CVar [[r.DistanceFieldAO:1]]
[2023.06.17-06.15.10:295][  0]LogConfig: Setting CVar [[r.AOQuality:2]]
[2023.06.17-06.15.10:295][  0]LogConfig: Setting CVar [[r.VolumetricFog:1]]
[2023.06.17-06.15.10:295][  0]LogConfig: Setting CVar [[r.VolumetricFog.GridPixelSize:8]]
[2023.06.17-06.15.10:295][  0]LogConfig: Setting CVar [[r.VolumetricFog.GridSizeZ:128]]
[2023.06.17-06.15.10:295][  0]LogConfig: Setting CVar [[r.VolumetricFog.HistoryMissSupersampleCount:4]]
[2023.06.17-06.15.10:295][  0]LogConfig: Setting CVar [[r.LightMaxDrawDistanceScale:1]]
[2023.06.17-06.15.10:295][  0]LogConfig: Setting CVar [[r.CapsuleShadows:1]]
[2023.06.17-06.15.10:295][  0]LogConfig: Applying CVar settings from Section [PostProcessQuality@3] File [C:/Projects/sapr_hackaton_2023/unreal/kakaton2/Saved/Config/Windows/Scalability.ini]
[2023.06.17-06.15.10:295][  0]LogConfig: Setting CVar [[r.MotionBlurQuality:4]]
[2023.06.17-06.15.10:295][  0]LogConfig: Setting CVar [[r.AmbientOcclusionMipLevelFactor:0.4]]
[2023.06.17-06.15.10:295][  0]LogConfig: Setting CVar [[r.AmbientOcclusionMaxQuality:100]]
[2023.06.17-06.15.10:295][  0]LogConfig: Setting CVar [[r.AmbientOcclusionLevels:-1]]
[2023.06.17-06.15.10:295][  0]LogConfig: Setting CVar [[r.AmbientOcclusionRadiusScale:1.0]]
[2023.06.17-06.15.10:295][  0]LogConfig: Setting CVar [[r.DepthOfFieldQuality:2]]
[2023.06.17-06.15.10:295][  0]LogConfig: Setting CVar [[r.RenderTargetPoolMin:400]]
[2023.06.17-06.15.10:295][  0]LogConfig: Setting CVar [[r.LensFlareQuality:2]]
[2023.06.17-06.15.10:295][  0]LogConfig: Setting CVar [[r.SceneColorFringeQuality:1]]
[2023.06.17-06.15.10:295][  0]LogConfig: Setting CVar [[r.EyeAdaptationQuality:2]]
[2023.06.17-06.15.10:295][  0]LogConfig: Setting CVar [[r.BloomQuality:5]]
[2023.06.17-06.15.10:295][  0]LogConfig: Setting CVar [[r.FastBlurThreshold:100]]
[2023.06.17-06.15.10:295][  0]LogConfig: Setting CVar [[r.Upscale.Quality:3]]
[2023.06.17-06.15.10:295][  0]LogConfig: Setting CVar [[r.Tonemapper.GrainQuantization:1]]
[2023.06.17-06.15.10:295][  0]LogConfig: Setting CVar [[r.LightShaftQuality:1]]
[2023.06.17-06.15.10:295][  0]LogConfig: Setting CVar [[r.Filter.SizeScale:1]]
[2023.06.17-06.15.10:295][  0]LogConfig: Setting CVar [[r.Tonemapper.Quality:5]]
[2023.06.17-06.15.10:295][  0]LogConfig: Setting CVar [[r.DOF.Gather.AccumulatorQuality:1        ; higher gathering accumulator quality]]
[2023.06.17-06.15.10:295][  0]LogConfig: Setting CVar [[r.DOF.Gather.PostfilterMethod:1          ; Median3x3 postfilering method]]
[2023.06.17-06.15.10:295][  0]LogConfig: Setting CVar [[r.DOF.Gather.EnableBokehSettings:0       ; no bokeh simulation when gathering]]
[2023.06.17-06.15.10:295][  0]LogConfig: Setting CVar [[r.DOF.Gather.RingCount:4                 ; medium number of samples when gathering]]
[2023.06.17-06.15.10:295][  0]LogConfig: Setting CVar [[r.DOF.Scatter.ForegroundCompositing:1    ; additive foreground scattering]]
[2023.06.17-06.15.10:295][  0]LogConfig: Setting CVar [[r.DOF.Scatter.BackgroundCompositing:2    ; additive background scattering]]
[2023.06.17-06.15.10:295][  0]LogConfig: Setting CVar [[r.DOF.Scatter.EnableBokehSettings:1      ; bokeh simulation when scattering]]
[2023.06.17-06.15.10:295][  0]LogConfig: Setting CVar [[r.DOF.Scatter.MaxSpriteRatio:0.1         ; only a maximum of 10% of scattered bokeh]]
[2023.06.17-06.15.10:295][  0]LogConfig: Setting CVar [[r.DOF.Recombine.Quality:1                ; cheap slight out of focus]]
[2023.06.17-06.15.10:295][  0]LogConfig: Setting CVar [[r.DOF.Recombine.EnableBokehSettings:0    ; no bokeh simulation on slight out of focus]]
[2023.06.17-06.15.10:295][  0]LogConfig: Setting CVar [[r.DOF.TemporalAAQuality:1                ; more stable temporal accumulation]]
[2023.06.17-06.15.10:295][  0]LogConfig: Setting CVar [[r.DOF.Kernel.MaxForegroundRadius:0.025]]
[2023.06.17-06.15.10:295][  0]LogConfig: Setting CVar [[r.DOF.Kernel.MaxBackgroundRadius:0.025]]
[2023.06.17-06.15.10:295][  0]LogConfig: Applying CVar settings from Section [TextureQuality@3] File [C:/Projects/sapr_hackaton_2023/unreal/kakaton2/Saved/Config/Windows/Scalability.ini]
[2023.06.17-06.15.10:295][  0]LogConfig: Setting CVar [[r.Streaming.MipBias:0]]
[2023.06.17-06.15.10:295][  0]LogConfig: Setting CVar [[r.Streaming.AmortizeCPUToGPUCopy:0]]
[2023.06.17-06.15.10:295][  0]LogConfig: Setting CVar [[r.Streaming.MaxNumTexturesToStreamPerFrame:0]]
[2023.06.17-06.15.10:295][  0]LogConfig: Setting CVar [[r.Streaming.Boost:1]]
[2023.06.17-06.15.10:295][  0]LogConfig: Setting CVar [[r.MaxAnisotropy:8]]
[2023.06.17-06.15.10:295][  0]LogConfig: Setting CVar [[r.VT.MaxAnisotropy:8]]
[2023.06.17-06.15.10:295][  0]LogConfig: Setting CVar [[r.Streaming.LimitPoolSizeToVRAM:0]]
[2023.06.17-06.15.10:295][  0]LogConfig: Setting CVar [[r.Streaming.PoolSize:1000]]
[2023.06.17-06.15.10:295][  0]LogConfig: Setting CVar [[r.Streaming.MaxEffectiveScreenSize:0]]
[2023.06.17-06.15.10:296][  0]LogConfig: Applying CVar settings from Section [EffectsQuality@3] File [C:/Projects/sapr_hackaton_2023/unreal/kakaton2/Saved/Config/Windows/Scalability.ini]
[2023.06.17-06.15.10:296][  0]LogConfig: Setting CVar [[r.TranslucencyLightingVolumeDim:64]]
[2023.06.17-06.15.10:296][  0]LogConfig: Setting CVar [[r.RefractionQuality:2]]
[2023.06.17-06.15.10:296][  0]LogConfig: Setting CVar [[r.SSR.Quality:3]]
[2023.06.17-06.15.10:296][  0]LogConfig: Setting CVar [[r.SSR.HalfResSceneColor:0]]
[2023.06.17-06.15.10:296][  0]LogConfig: Setting CVar [[r.SceneColorFormat:4]]
[2023.06.17-06.15.10:296][  0]LogConfig: Setting CVar [[r.DetailMode:2]]
[2023.06.17-06.15.10:296][  0]LogConfig: Setting CVar [[r.TranslucencyVolumeBlur:1]]
[2023.06.17-06.15.10:296][  0]LogConfig: Setting CVar [[r.MaterialQualityLevel:1 ; High quality]]
[2023.06.17-06.15.10:296][  0]LogConfig: Setting CVar [[r.AnisotropicMaterials:1]]
[2023.06.17-06.15.10:296][  0]LogConfig: Setting CVar [[r.SSS.Scale:1]]
[2023.06.17-06.15.10:296][  0]LogConfig: Setting CVar [[r.SSS.SampleSet:2]]
[2023.06.17-06.15.10:296][  0]LogConfig: Setting CVar [[r.SSS.Quality:1]]
[2023.06.17-06.15.10:296][  0]LogConfig: Setting CVar [[r.SSS.HalfRes:0]]
[2023.06.17-06.15.10:296][  0]LogConfig: Setting CVar [[r.SSGI.Quality:3]]
[2023.06.17-06.15.10:296][  0]LogConfig: Setting CVar [[r.EmitterSpawnRateScale:1.0]]
[2023.06.17-06.15.10:296][  0]LogConfig: Setting CVar [[r.ParticleLightQuality:2]]
[2023.06.17-06.15.10:296][  0]LogConfig: Setting CVar [[r.SkyAtmosphere.AerialPerspectiveLUT.FastApplyOnOpaque:1 ; Always have FastSkyLUT 1 in this case to avoid wrong sky]]
[2023.06.17-06.15.10:296][  0]LogConfig: Setting CVar [[r.SkyAtmosphere.AerialPerspectiveLUT.SampleCountMaxPerSlice:4]]
[2023.06.17-06.15.10:296][  0]LogConfig: Setting CVar [[r.SkyAtmosphere.AerialPerspectiveLUT.DepthResolution:16.0]]
[2023.06.17-06.15.10:296][  0]LogConfig: Setting CVar [[r.SkyAtmosphere.FastSkyLUT:1]]
[2023.06.17-06.15.10:296][  0]LogConfig: Setting CVar [[r.SkyAtmosphere.FastSkyLUT.SampleCountMin:4.0]]
[2023.06.17-06.15.10:296][  0]LogConfig: Setting CVar [[r.SkyAtmosphere.FastSkyLUT.SampleCountMax:128.0]]
[2023.06.17-06.15.10:296][  0]LogConfig: Setting CVar [[r.SkyAtmosphere.SampleCountMin:4.0]]
[2023.06.17-06.15.10:296][  0]LogConfig: Setting CVar [[r.SkyAtmosphere.SampleCountMax:128.0]]
[2023.06.17-06.15.10:296][  0]LogConfig: Setting CVar [[r.SkyAtmosphere.TransmittanceLUT.UseSmallFormat:0]]
[2023.06.17-06.15.10:296][  0]LogConfig: Setting CVar [[r.SkyAtmosphere.TransmittanceLUT.SampleCount:10.0]]
[2023.06.17-06.15.10:296][  0]LogConfig: Setting CVar [[r.SkyAtmosphere.MultiScatteringLUT.SampleCount:15.0]]
[2023.06.17-06.15.10:296][  0]LogConfig: Setting CVar [[r.SkyLight.RealTimeReflectionCapture:1]]
[2023.06.17-06.15.10:296][  0]LogConfig: Applying CVar settings from Section [FoliageQuality@3] File [C:/Projects/sapr_hackaton_2023/unreal/kakaton2/Saved/Config/Windows/Scalability.ini]
[2023.06.17-06.15.10:296][  0]LogConfig: Setting CVar [[foliage.DensityScale:1.0]]
[2023.06.17-06.15.10:296][  0]LogConfig: Setting CVar [[grass.DensityScale:1.0]]
[2023.06.17-06.15.10:296][  0]LogConfig: Applying CVar settings from Section [ShadingQuality@3] File [C:/Projects/sapr_hackaton_2023/unreal/kakaton2/Saved/Config/Windows/Scalability.ini]
[2023.06.17-06.15.10:296][  0]LogConfig: Setting CVar [[r.HairStrands.SkyLighting.IntegrationType:2]]
[2023.06.17-06.15.10:296][  0]LogConfig: Setting CVar [[r.HairStrands.SkyAO.SampleCount:4]]
[2023.06.17-06.15.10:296][  0]LogConfig: Setting CVar [[r.HairStrands.Visibility.MSAA.SamplePerPixel:4]]
[2023.06.17-06.15.10:296][  0]LogConfig: Applying CVar settings from Section [Startup] File [../../../Engine/Config/ConsoleVariables.ini]
[2023.06.17-06.15.10:319][  0]LogConfig: Setting CVar [[net.UseAdaptiveNetUpdateFrequency:0]]
[2023.06.17-06.15.10:319][  0]LogConfig: Setting CVar [[p.chaos.AllowCreatePhysxBodies:1]]
[2023.06.17-06.15.10:319][  0]LogConfig: Setting CVar [[fx.SkipVectorVMBackendOptimizations:1]]
[2023.06.17-06.15.10:319][  0]LogConfig: Applying CVar settings from Section [ConsoleVariables] File [C:/Projects/sapr_hackaton_2023/unreal/kakaton2/Saved/Config/Windows/Engine.ini]
[2023.06.17-06.15.10:319][  0]LogConfig: Applying CVar settings from Section [ConsoleVariables] File [C:/Projects/sapr_hackaton_2023/unreal/kakaton2/Saved/Config/Windows/Editor.ini]
[2023.06.17-06.15.10:354][  0]LogInit: Computer: SKYLINE
[2023.06.17-06.15.10:354][  0]LogInit: User: mrifr
[2023.06.17-06.15.10:354][  0]LogInit: CPU Page size=4096, Cores=4
[2023.06.17-06.15.10:354][  0]LogInit: High frequency timer resolution =10.000000 MHz
[2023.06.17-06.15.10:354][  0]LogMemory: Memory total: Physical=6.9GB (7GB approx)
[2023.06.17-06.15.10:383][  0]LogMemory: Platform Memory Stats for Windows
[2023.06.17-06.15.10:383][  0]LogMemory: Process Physical Memory: 147.91 MB used, 147.91 MB peak
[2023.06.17-06.15.10:383][  0]LogMemory: Process Virtual Memory: 128.68 MB used, 128.68 MB peak
[2023.06.17-06.15.10:383][  0]LogMemory: Physical Memory: 6272.68 MB used,  830.96 MB free, 7103.64 MB total
[2023.06.17-06.15.10:383][  0]LogMemory: Virtual Memory: 134207528.00 MB used,  10200.21 MB free, 134217728.00 MB total
[2023.06.17-06.15.10:394][  0]LogWindows: WindowsPlatformFeatures enabled
[2023.06.17-06.15.11:301][  0]LogInit: Physics initialised using underlying interface: PhysX
[2023.06.17-06.15.11:353][  0]LogInit: Using OS detected language (ru-RU).
[2023.06.17-06.15.11:353][  0]LogInit: Using OS detected locale (ru-RU).
[2023.06.17-06.15.11:396][  0]LogTextLocalizationManager: No specific localization for 'ru-RU' exists, so the 'ru' localization will be used.
[2023.06.17-06.15.11:396][  0]LogTextLocalizationResource: LocRes '../../../Engine/Content/Localization/Editor/ru/Editor.locres' could not be opened for reading!
[2023.06.17-06.15.11:396][  0]LogTextLocalizationResource: LocRes '../../../Engine/Content/Localization/EditorTutorials/ru/EditorTutorials.locres' could not be opened for reading!
[2023.06.17-06.15.11:397][  0]LogTextLocalizationResource: LocRes '../../../Engine/Content/Localization/Keywords/ru/Keywords.locres' could not be opened for reading!
[2023.06.17-06.15.11:397][  0]LogTextLocalizationResource: LocRes '../../../Engine/Content/Localization/Category/ru/Category.locres' could not be opened for reading!
[2023.06.17-06.15.11:397][  0]LogTextLocalizationResource: LocRes '../../../Engine/Content/Localization/ToolTips/ru/ToolTips.locres' could not be opened for reading!
[2023.06.17-06.15.11:397][  0]LogTextLocalizationResource: LocRes '../../../Engine/Content/Localization/PropertyNames/ru/PropertyNames.locres' could not be opened for reading!
[2023.06.17-06.15.11:397][  0]LogTextLocalizationResource: LocRes '../../../Engine/Content/Localization/Engine/ru/Engine.locres' could not be opened for reading!
[2023.06.17-06.15.11:435][  0]LogInit: Setting process to per monitor DPI aware
[2023.06.17-06.15.11:585][  0]LogWindowsTextInputMethodSystem: Display: IME system deactivated.
[2023.06.17-06.15.11:822][  0]LogSlate: New Slate User Created.  User Index 0, Is Virtual User: 0
[2023.06.17-06.15.11:822][  0]LogSlate: Slate User Registered.  User Index 0, Is Virtual User: 0
[2023.06.17-06.15.12:712][  0]LogD3D11RHI: Loaded GFSDK_Aftermath_Lib.x64.dll
[2023.06.17-06.15.12:777][  0]LogHMD: Failed to initialize OpenVR with code 110
[2023.06.17-06.15.12:777][  0]LogD3D11RHI: D3D11 min allowed feature level: 11_0
[2023.06.17-06.15.12:777][  0]LogD3D11RHI: D3D11 max allowed feature level: 11_0
[2023.06.17-06.15.12:777][  0]LogD3D11RHI: D3D11 adapters:
[2023.06.17-06.15.12:849][  0]LogD3D11RHI:    0. 'AMD Radeon(TM) Vega 8 Graphics' (Feature Level 11_0)
[2023.06.17-06.15.12:850][  0]LogD3D11RHI:       1009/0/3551 MB DedicatedVideo/DedicatedSystem/SharedSystem, Outputs:1, VendorId:0x1002
[2023.06.17-06.15.12:867][  0]LogD3D11RHI:    1. 'Microsoft Basic Render Driver' (Feature Level 11_0)
[2023.06.17-06.15.12:867][  0]LogD3D11RHI:       0/0/3551 MB DedicatedVideo/DedicatedSystem/SharedSystem, Outputs:0, VendorId:0x1414
[2023.06.17-06.15.12:911][  0]LogD3D11RHI:    2. 'AMD Radeon(TM) Vega 8 Graphics' (Feature Level 11_0)
[2023.06.17-06.15.12:911][  0]LogD3D11RHI:       1009/0/3551 MB DedicatedVideo/DedicatedSystem/SharedSystem, Outputs:0, VendorId:0x1002
[2023.06.17-06.15.12:911][  0]LogD3D11RHI: Chosen D3D11 Adapter:
[2023.06.17-06.15.12:911][  0]LogD3D11RHI:     Description : AMD Radeon(TM) Vega 8 Graphics
[2023.06.17-06.15.12:911][  0]LogD3D11RHI:     VendorId    : 1002
[2023.06.17-06.15.12:911][  0]LogD3D11RHI:     DeviceId    : 15d8
[2023.06.17-06.15.12:911][  0]LogD3D11RHI:     SubSysId    : 3e1819e5
[2023.06.17-06.15.12:911][  0]LogD3D11RHI:     Revision    : 00c2
[2023.06.17-06.15.12:911][  0]LogD3D11RHI:     DedicatedVideoMemory : 1058631680 bytes
[2023.06.17-06.15.12:911][  0]LogD3D11RHI:     DedicatedSystemMemory : 0 bytes
[2023.06.17-06.15.12:911][  0]LogD3D11RHI:     SharedSystemMemory : 3724351488 bytes
[2023.06.17-06.15.12:911][  0]LogD3D11RHI:     AdapterLuid : 0 53626
[2023.06.17-06.15.12:920][  0]LogD3D11RHI: Creating new Direct3DDevice
[2023.06.17-06.15.12:920][  0]LogD3D11RHI:     GPU DeviceId: 0x15d8 (for the marketing name, search the web for "GPU Device Id")
[2023.06.17-06.15.12:920][  0]LogWindows: EnumDisplayDevices:
[2023.06.17-06.15.12:920][  0]LogWindows:    0. 'AMD Radeon(TM) Vega 8 Graphics ' (P:1 D:1)
[2023.06.17-06.15.12:921][  0]LogWindows:    1. 'AMD Radeon(TM) Vega 8 Graphics ' (P:0 D:0)
[2023.06.17-06.15.12:921][  0]LogWindows:    2. 'AMD Radeon(TM) Vega 8 Graphics ' (P:0 D:0)
[2023.06.17-06.15.12:921][  0]LogWindows:    3. 'AMD Radeon(TM) Vega 8 Graphics ' (P:0 D:0)
[2023.06.17-06.15.12:922][  0]LogWindows:    4. 'AMD Radeon(TM) Vega 8 Graphics ' (P:0 D:0)
[2023.06.17-06.15.12:922][  0]LogWindows:    5. 'Virtual Display Device' (P:0 D:0)
[2023.06.17-06.15.12:922][  0]LogWindows: DebugString: PrimaryIsNotTheChoosenAdapter PrimaryIsNotTheChoosenAdapter PrimaryIsNotTheChoosenAdapter PrimaryIsNotTheChoosenAdapter PrimaryIsNotTheChoosenAdapter GetVideoDriverDetailsInvalid PrimaryIsNotTheChoosenAdapter FoundDriverCount:0 
[2023.06.17-06.15.12:922][  0]LogD3D11RHI:     Adapter Name: AMD Radeon(TM) Vega 8 Graphics
[2023.06.17-06.15.12:922][  0]LogD3D11RHI:   Driver Version: Unknown (internal:Unknown, unified:Unknown)
[2023.06.17-06.15.12:922][  0]LogD3D11RHI:      Driver Date: Unknown
[2023.06.17-06.15.12:922][  0]LogRHI: Texture pool is 2873 MB (70% of 4105 MB)
[2023.06.17-06.15.12:984][  0]LogD3D11RHI: Creating D3DDevice with AMD AGS, using adapter:
[2023.06.17-06.15.12:984][  0]LogD3D11RHI:     Description : AMD Radeon(TM) Vega 8 Graphics
[2023.06.17-06.15.12:984][  0]LogD3D11RHI:     VendorId    : 1002
[2023.06.17-06.15.12:984][  0]LogD3D11RHI:     DeviceId    : 15d8
[2023.06.17-06.15.12:984][  0]LogD3D11RHI:     SubSysId    : 3e1819e5
[2023.06.17-06.15.12:984][  0]LogD3D11RHI:     Revision    : 00c2
[2023.06.17-06.15.12:984][  0]LogD3D11RHI:     DedicatedVideoMemory : 1058631680 bytes
[2023.06.17-06.15.12:984][  0]LogD3D11RHI:     DedicatedSystemMemory : 0 bytes
[2023.06.17-06.15.12:984][  0]LogD3D11RHI:     SharedSystemMemory : 3724351488 bytes
[2023.06.17-06.15.12:984][  0]LogD3D11RHI:     AdapterLuid : 0 53626
[2023.06.17-06.15.13:038][  0]LogD3D11RHI: Created device via AGS, feature level 11_0, supported extensions 1fffffbf.
[2023.06.17-06.15.13:039][  0]LogD3D11RHI: RHI has support for 64 bit atomics
[2023.06.17-06.15.13:039][  0]LogD3D11RHI: Async texture creation enabled
[2023.06.17-06.15.13:039][  0]LogD3D11RHI: Array index from any shader is supported
[2023.06.17-06.15.13:445][  0]LogD3D11RHI: GPU Timing Frequency: 25.000000 (Debug: 2 1)
[2023.06.17-06.15.14:945][  0]LogTargetPlatformManager: Display: Loaded TargetPlatform 'AllDesktop'
[2023.06.17-06.15.14:989][  0]LogTargetPlatformManager: Display: Loaded TargetPlatform 'Android'
[2023.06.17-06.15.14:990][  0]LogTargetPlatformManager: Display: Loaded TargetPlatform 'Android_ASTC'
[2023.06.17-06.15.14:990][  0]LogTargetPlatformManager: Display: Loaded TargetPlatform 'Android_DXT'
[2023.06.17-06.15.14:990][  0]LogTargetPlatformManager: Display: Loaded TargetPlatform 'Android_ETC2'
[2023.06.17-06.15.14:990][  0]LogTargetPlatformManager: Display: Loaded TargetPlatform 'AndroidClient'
[2023.06.17-06.15.14:990][  0]LogTargetPlatformManager: Display: Loaded TargetPlatform 'Android_ASTCClient'
[2023.06.17-06.15.14:990][  0]LogTargetPlatformManager: Display: Loaded TargetPlatform 'Android_DXTClient'
[2023.06.17-06.15.14:990][  0]LogTargetPlatformManager: Display: Loaded TargetPlatform 'Android_ETC2Client'
[2023.06.17-06.15.14:990][  0]LogTargetPlatformManager: Display: Loaded TargetPlatform 'Android_Multi'
[2023.06.17-06.15.14:990][  0]LogTargetPlatformManager: Display: Loaded TargetPlatform 'Android_MultiClient'
[2023.06.17-06.15.15:068][  0]LogTargetPlatformManager: Display: Loaded TargetPlatform 'IOSClient'
[2023.06.17-06.15.15:068][  0]LogTargetPlatformManager: Display: Loaded TargetPlatform 'IOS'
[2023.06.17-06.15.15:117][  0]LogTargetPlatformManager: Display: Loaded TargetPlatform 'Linux'
[2023.06.17-06.15.15:131][  0]LogTargetPlatformManager: Display: Loaded TargetPlatform 'LinuxNoEditor'
[2023.06.17-06.15.15:152][  0]LogTargetPlatformManager: Display: Loaded TargetPlatform 'LinuxClient'
[2023.06.17-06.15.15:158][  0]LogTargetPlatformManager: Display: Loaded TargetPlatform 'LinuxServer'
[2023.06.17-06.15.15:186][  0]LogTargetPlatformManager: Display: Loaded TargetPlatform 'LinuxAArch64NoEditor'
[2023.06.17-06.15.15:207][  0]LogTargetPlatformManager: Display: Loaded TargetPlatform 'LinuxAArch64Client'
[2023.06.17-06.15.15:215][  0]LogTargetPlatformManager: Display: Loaded TargetPlatform 'LinuxAArch64Server'
[2023.06.17-06.15.15:263][  0]LogTargetPlatformManager: Display: Loaded TargetPlatform 'Lumin'
[2023.06.17-06.15.15:263][  0]LogTargetPlatformManager: Display: Loaded TargetPlatform 'LuminClient'
[2023.06.17-06.15.15:310][  0]LogTargetPlatformManager: Display: Loaded TargetPlatform 'MacNoEditor'
[2023.06.17-06.15.15:318][  0]LogTargetPlatformManager: Display: Loaded TargetPlatform 'Mac'
[2023.06.17-06.15.15:325][  0]LogTargetPlatformManager: Display: Loaded TargetPlatform 'MacClient'
[2023.06.17-06.15.15:332][  0]LogTargetPlatformManager: Display: Loaded TargetPlatform 'MacServer'
[2023.06.17-06.15.15:347][  0]LogTargetPlatformManager: Display: Loaded TargetPlatform 'TVOSClient'
[2023.06.17-06.15.15:347][  0]LogTargetPlatformManager: Display: Loaded TargetPlatform 'TVOS'
[2023.06.17-06.15.15:370][  0]LogTargetPlatformManager: Display: Loaded TargetPlatform 'WindowsNoEditor'
[2023.06.17-06.15.15:378][  0]LogTargetPlatformManager: Display: Loaded TargetPlatform 'Windows'
[2023.06.17-06.15.15:399][  0]LogTargetPlatformManager: Display: Loaded TargetPlatform 'WindowsClient'
[2023.06.17-06.15.15:409][  0]LogTargetPlatformManager: Display: Loaded TargetPlatform 'WindowsServer'
[2023.06.17-06.15.15:409][  0]LogTargetPlatformManager: Display: Building Assets For Windows
[2023.06.17-06.15.15:518][  0]LogAudioDebug: Display: Lib vorbis DLL was dynamically loaded.
[2023.06.17-06.15.15:819][  0]LogTextureFormatOodle: Display: Oodle Texture 2.9.0 init RDO Off
[2023.06.17-06.15.16:558][  0]LogRendererCore: Ray tracing is disabled. Reason: r.RayTracing=0.
[2023.06.17-06.15.16:613][  0]LogShaderCompilers: Guid format shader working directory is -1 characters bigger than the processId version (C:/Projects/sapr_hackaton_2023/unreal/kakaton2/Intermediate/Shaders/WorkingDirectory/16524/).
[2023.06.17-06.15.16:613][  0]LogShaderCompilers: Cleaned the shader compiler working directory 'C:/Users/mrifr/AppData/Local/Temp/UnrealShaderWorkingDir/ACA38239482CDE613413EBA383F0DD45/'.
[2023.06.17-06.15.16:630][  0]LogXGEController: Cannot use XGE Controller as Incredibuild is not installed on this machine.
[2023.06.17-06.15.16:630][  0]LogShaderCompilers: Cannot use XGE Shader Compiler as Incredibuild is not installed on this machine.
[2023.06.17-06.15.16:630][  0]LogShaderCompilers: Display: Using Local Shader Compiler.
[2023.06.17-06.15.19:403][  0]LogDerivedDataCache: Display: Max Cache Size: 512 MB
[2023.06.17-06.15.19:509][  0]LogDerivedDataCache: Loaded boot cache 0.11s 94MB C:/Users/mrifr/AppData/Local/UnrealEngine/4.27/DerivedDataCache/Boot.ddc.
[2023.06.17-06.15.19:509][  0]LogDerivedDataCache: Display: Loaded Boot cache: C:/Users/mrifr/AppData/Local/UnrealEngine/4.27/DerivedDataCache/Boot.ddc
[2023.06.17-06.15.19:509][  0]LogDerivedDataCache: FDerivedDataBackendGraph:  Pak pak cache file C:/Projects/sapr_hackaton_2023/unreal/kakaton2/DerivedDataCache/DDC.ddp not found, will not use a pak cache.
[2023.06.17-06.15.19:509][  0]LogDerivedDataCache: Unable to find inner node Pak for hierarchical cache Hierarchy.
[2023.06.17-06.15.19:509][  0]LogDerivedDataCache: FDerivedDataBackendGraph:  CompressedPak pak cache file C:/Projects/sapr_hackaton_2023/unreal/kakaton2/DerivedDataCache/Compressed.ddp not found, will not use a pak cache.
[2023.06.17-06.15.19:509][  0]LogDerivedDataCache: Unable to find inner node CompressedPak for hierarchical cache Hierarchy.
[2023.06.17-06.15.19:554][  0]LogDerivedDataCache: Display: Pak cache opened for reading ../../../Engine/DerivedDataCache/Compressed.ddp.
[2023.06.17-06.15.19:554][  0]LogDerivedDataCache: FDerivedDataBackendGraph:  EnterprisePak pak cache file ../../../Enterprise/DerivedDataCache/Compressed.ddp not found, will not use a pak cache.
[2023.06.17-06.15.19:554][  0]LogDerivedDataCache: Unable to find inner node EnterprisePak for hierarchical cache Hierarchy.
[2023.06.17-06.15.19:580][  0]LogDerivedDataCache: Speed tests for C:/Users/mrifr/AppData/Local/UnrealEngine/Common/DerivedDataCache took 0.02 seconds
[2023.06.17-06.15.19:580][  0]LogDerivedDataCache: Display: Performance to C:/Users/mrifr/AppData/Local/UnrealEngine/Common/DerivedDataCache: Latency=0.05ms. RandomReadSpeed=208.24MBs, RandomWriteSpeed=87.95MBs. Assigned SpeedClass 'Local'
[2023.06.17-06.15.19:585][  0]LogDerivedDataCache: Using Local data cache path C:/Users/mrifr/AppData/Local/UnrealEngine/Common/DerivedDataCache: Writable
[2023.06.17-06.15.19:585][  0]LogDerivedDataCache: Shared data cache path not found in *engine.ini, will not use an Shared cache.
[2023.06.17-06.15.19:585][  0]LogDerivedDataCache: Unable to find inner node Shared for hierarchical cache Hierarchy.
[2023.06.17-06.15.19:710][  0]LogSlate: Using FreeType 2.10.0
[2023.06.17-06.15.19:747][  0]LogSlate: SlateFontServices - WITH_FREETYPE: 1, WITH_HARFBUZZ: 1
[2023.06.17-06.15.20:776][  0]LogAssetRegistry: FAssetRegistry took 0.0226 seconds to start up
[2023.06.17-06.15.35:313][  0]LogInit: Selected Device Profile: [Windows]
[2023.06.17-06.15.35:313][  0]LogInit: Active device profile: [000002053B144900][000002052F358400 49] Windows
[2023.06.17-06.15.35:313][  0]LogInit: Profiles: [000002053B144900][000002052F358400 49] Windows, [000002053B103800][000002053A5A8540 49] WindowsNoEditor, [000002053B147500][000002053A5AC680 49] WindowsServer, [000002053B100E00][000002053A5B07C0 49] WindowsClient, [000002053B147800][000002053A5B4900 49] IOS, [000002053B102800][000002053A5BCA80 49] iPadAir, [000002053B146000][000002053B6F2C00 49] iPadAir2, [000002053B0B4A00][000002053B6FAEC0 49] IPadPro, [000002053B0B4B00][000002053B6F6F00 49] iPadAir3, [000002053B101900][000002053B6FF080 49] iPadAir4, [000002053B0B7400][000002053B703200 49] iPadMini2, [000002053B102A00][000002053B707380 49] iPadMini3, [000002053B0B5700][000002053B70B500 49] iPadMini4, [000002053B145100][000002053B70F680 49] iPadMini5, [000002053B104300][000002053B717940 49] iPhone6, [000002053B104400][000002053B713980 49] iPodTouch6, [000002053B0A7E00][000002053B71E0C0 49] iPhone7, [000002053B0A7F00][000002053B71A100 49] iPodTouch7, [000002053B101F00][000002053B722280 49] iPhone5S, [000002053B0A5A00][000002053B726400 49] iPhone6Plus, [000002053B104200][000002053B72A580 49] iPhone6S, [000002053B0A4600][000002053B72E700 49] iPhone6SPlus, [000002053B106900][000002053A5B8840 49] iPhone7Plus, [000002053B0A7100][000002053B732980 49] iPhoneSE, [000002053B106200][000002053B736AC0 49] iPhone8, [000002053B0A7A00][000002053B73EC40 49] iPhone8Plus, [000002053B104900][000002053B742DC0 49] iPhoneX, [000002053B0A5500][000002053B746F40 49] iPhoneXS, [000002053B107B00][000002053B74B0C0 49] iPhoneXSMax, [000002053B0A4200][000002053B74F240 49] iPhoneXR, [000002053B105300][000002053B7533C0 49] iPhone11, [000002053B0A6700][000002053B757540 49] iPhone11Pro, [000002053B105000][000002053B75B6C0 49] iPhone11ProMax, [000002053B0A6A00][000002053B75F840 49] iPhoneSE2, [000002053B105400][000002053B7639C0 49] iPhone12Mini, [000002053B0A6400][000002053B767B40 49] iPhone12, [000002053B104D00][000002053B76A140 49] iPhone12Pro, [000002053B0A6B00][000002053B76E2C0 49] iPhone12ProMax, [000002053B107000][000002053B772440 49] iPadPro105, [000002053B0A4500][000002053B7765C0 49] iPadPro129, [000002053B106D00][000002053B77A740 49] iPadPro97, [000002053B0A6600][000002053B77E8C0 49] iPadPro2_129, [000002053B107D00][000002053B73AA00 49] iPad5, [000002053B0A6200][000002053B782B40 49] iPad6, [000002053B104F00][000002053B786C80 49] iPad7, [000002053B0A7800][000002053B78ADC0 49] iPad8, [000002053B104E00][000002053B792F40 49] iPadPro11, [000002053B0A5800][000002053B7970C0 49] iPadPro2_11, [000002053B107200][000002053B79B240 49] iPadPro3_129, [000002053B0A6300][000002053B79F3C0 49] iPadPro4_129, [000002053B107900][000002053B7A3540 49] AppleTV, [000002053B0A6F00][000002053B7A76C0 49] AppleTV4K, [000002053B106000][000002053B7AB840 49] TVOS, [000002053B0A6500][000002053B7AF9C0 49] Mac, [000002053B105D00][000002053B7B3B40 49] MacClient, [000002053B0A6900][000002053B7B6140 49] MacNoEditor, [000002053B107E00][000002053B7BA2C0 49] MacServer, [000002053B0A7400][000002053B7BE440 49] Linux, [000002053B104600][000002053B7C25C0 49] LinuxAArch64, [000002053B0A5400][000002053B7C6740 49] LinuxNoEditor, [000002053B104A00][000002053B7CA8C0 49] LinuxAArch64NoEditor, [000002053B0A7D00][000002053B7CEA40 49] LinuxClient, [000002053B107300][000002053B78EB80 49] LinuxAArch64Client, [000002053B0A5E00][000002053B7D2CC0 49] LinuxServer, [000002053B104800][000002053B7D6E00 49] LinuxAArch64Server, [000002053B0A5F00][000002053B7DAF40 49] Android, [000002053B107C00][000002053B7E30C0 49] Android_Low, [000002053B0A5900][000002053B7E7240 49] Android_Mid, [000002053B106500][000002053B7EB3C0 49] Android_High, [000002053B0A7500][000002053B7EF540 49] Android_Default, [000002053B107600][000002053B7F36C0 49] Android_Adreno4xx, [000002053B0A6800][000002053B7F7840 49] Android_Adreno5xx_Low, [000002053B0B7100][000002053B7FB9C0 49] Android_Adreno5xx, [000002053B103F00][000002053B7FFB40 49] Android_Adreno6xx, [000002053B0B5900][000002053B802140 49] Android_Adreno6xx_Vulkan, [000002053B102300][000002053B8062C0 49] Android_Mali_T6xx, [000002053B0B5800][000002053B80A440 49] Android_Mali_T7xx, [000002053B102E00][000002053B80E5C0 49] Android_Mali_T8xx, [000002053B0B5E00][000002053B812740 49] Android_Mali_G71, [000002053B100500][000002053B8168C0 49] Android_Mali_G72, [000002053B0B4700][000002053B81AA40 49] Android_Mali_G72_Vulkan, [000002053B103900][000002053B81EBC0 49] Android_Mali_G76, [000002053B0B5200][000002053B822D40 49] Android_Mali_G76_Vulkan, [000002053B102500][000002053B7DEE80 49] Android_Mali_G77, [000002053B0B7B00][000002053B826FC0 49] Android_Mali_G77_Vulkan, [000002053B100900][000002053B82B100 49] Android_Mali_G78, [000002053B0B6C00][000002053B833280 49] Android_Mali_G78_Vulkan, [000002053B103700][000002053B837400 49] Android_Mali_G710, [000002053B0B6500][000002053B83B580 49] Android_Mali_G710_Vulkan, [000002053B101800][000002053B83F700 49] Android_Vulkan_SM5, [000002053B0B6100][000002053B843880 49] Android_PowerVR_G6xxx, [000002053B101200][000002053B847A00 49] Android_PowerVR_GT7xxx, [000002053B0B6300][000002053B84BB80 49] Android_PowerVR_GE8xxx, [000002053B102700][000002053B84E180 49] Android_PowerVR_GM9xxx, [000002053B0B5600][000002053B852300 49] Android_PowerVR_GM9xxx_Vulkan, [000002053B103000][000002053B856480 49] Android_TegraK1, [000002053B0B5D00][000002053B85A600 49] Android_Unknown_Vulkan, [000002053B102D00][000002053B85E780 49] Lumin, [000002053B0B4500][000002053B862900 49] Lumin_Desktop, [000002053B101B00][000002053B866A80 49] HoloLens, 
[2023.06.17-06.15.39:953][  0]LogMeshReduction: Using QuadricMeshReduction for automatic static mesh reduction
[2023.06.17-06.15.39:953][  0]LogMeshReduction: Using SimplygonMeshReduction for automatic skeletal mesh reduction
[2023.06.17-06.15.39:953][  0]LogMeshReduction: Using ProxyLODMeshReduction for automatic mesh merging
[2023.06.17-06.15.39:953][  0]LogMeshReduction: No distributed automatic mesh merging module available
[2023.06.17-06.15.39:958][  0]LogMeshMerging: No distributed automatic mesh merging module available
[2023.06.17-06.15.40:600][  0]LogNetVersion: kakaton2 1.0.0, NetCL: 17155196, EngineNetVer: 17, GameNetVer: 0 (Checksum: 1716852175)
[2023.06.17-06.16.20:077][  0]LogTexture: Default maximum texture size for cubemaps generated from long-lat sources has been changed from 512 to unlimited. In order to preserve old behaiour for '/Engine/MapTemplates/Sky/DaylightAmbientCubemap.DaylightAmbientCubemap', its maximum texture size has been explicitly set to 512.
[2023.06.17-06.16.25:604][  0]LogHMD: PokeAHoleMaterial loaded successfully
[2023.06.17-06.16.26:511][  0]LogUObjectArray: 17178 objects as part of root set at end of initial load.
[2023.06.17-06.16.26:511][  0]LogUObjectAllocator: 4302048 out of 0 bytes used by permanent object pool.
[2023.06.17-06.16.26:547][  0]LogUObjectArray: CloseDisregardForGC: 0/0 objects in disregard for GC pool
[2023.06.17-06.16.32:404][  0]LogNiagaraDebuggerClient: Niagara Debugger Client Initialized | Session: 79D21CBB45720C76C0A593ADA64C9613 | Instance: AA84283444012A97144CE4AF2DB55265 (SKYLINE-16524).
[2023.06.17-06.16.37:064][  0]LogPython: Using Python 3.7.7
[2023.06.17-06.16.40:024][  0]LogUdpMessaging: Initializing bridge on interface 0.0.0.0:0 to multicast group 230.0.0.1:6666.
[2023.06.17-06.16.40:304][  0]LogTcpMessaging: Initializing TcpMessaging bridge
[2023.06.17-06.16.50:894][  0]SourceControl: Source control is disabled
[2023.06.17-06.16.50:903][  0]SourceControl: Source control is disabled
[2023.06.17-06.16.51:223][  0]SourceControl: Source control is disabled
[2023.06.17-06.16.51:252][  0]SourceControl: Source control is disabled
[2023.06.17-06.16.51:337][  0]SourceControl: Source control is disabled
[2023.06.17-06.16.51:370][  0]LogUProjectInfo: Found projects:
[2023.06.17-06.16.54:910][  0]LogOpenImageDenoise: OIDN starting up
[2023.06.17-06.16.54:987][  0]LogAndroidPermission: UAndroidPermissionCallbackProxy::GetInstance
[2023.06.17-06.16.55:075][  0]LogAudioCaptureCore: Display: No Audio Capture implementations found. Audio input will be silent.
[2023.06.17-06.16.55:075][  0]LogAudioCaptureCore: Display: No Audio Capture implementations found. Audio input will be silent.
[2023.06.17-06.16.55:878][  0]LogCollectionManager: Loaded 0 collections in 0.001948 seconds
[2023.06.17-06.16.56:032][  0]LogFileCache: Scanning file cache for directory 'C:/Projects/sapr_hackaton_2023/unreal/kakaton2/Saved/Collections/' took 0.01s
[2023.06.17-06.16.56:032][  0]LogFileCache: Scanning file cache for directory 'C:/Projects/sapr_hackaton_2023/unreal/kakaton2/Content/Developers/mrifr/Collections/' took 0.00s
[2023.06.17-06.16.56:032][  0]LogFileCache: Scanning file cache for directory 'C:/Projects/sapr_hackaton_2023/unreal/kakaton2/Content/Collections/' took 0.00s
[2023.06.17-06.16.56:245][  0]LogOcInput: OculusInput pre-init called
[2023.06.17-06.17.01:458][  0]LogAutomationTest: Warning: Smoke tests took >2s to run (3.26s). 'FAutomationTestAttemptToFindUninitializedScriptStructMembers' took 2952ms. SmokeFilter tier tests should take less than 1ms. Please optimize or move 'FAutomationTestAttemptToFindUninitializedScriptStructMembers' to a slower tier than SmokeFilter.
[2023.06.17-06.17.01:626][  0]LogEngine: Initializing Engine...
[2023.06.17-06.17.01:829][  0]LogHMD: Failed to enumerate extensions. Please check that you have a valid OpenXR runtime installed.
[2023.06.17-06.17.01:837][  0]LogHMD: Failed to initialize OpenVR with code 110
[2023.06.17-06.17.01:848][  0]LogMagicLeap: Warning: VR disabled because ZI is not enabled.  To enable, in the editor, Edit -> Project Settings -> Plugins -> Magic Leap Plugin -> Enable Zero Iteration
[2023.06.17-06.17.01:992][  0]LogStats: UGameplayTagsManager::InitializeManager -  0.010 s
[2023.06.17-06.17.02:700][  0]LogInit: Initializing FReadOnlyCVARCache
[2023.06.17-06.17.03:668][  0]LogAIModule: Creating AISystem for world Untitled
[2023.06.17-06.17.03:872][  0]LogAudio: Display: Initializing Audio Device Manager...
[2023.06.17-06.17.03:912][  0]LogAudio: Display: Loading Default Audio Settings Objects...
[2023.06.17-06.17.03:947][  0]LogAudio: Display: No default SoundConcurrencyObject specified (or failed to load).
[2023.06.17-06.17.03:980][  0]LogAudio: Display: Audio Device Manager Initialized
[2023.06.17-06.17.03:981][  0]LogAudio: Display: Creating Audio Device:                 Id: 1, Scope: Shared, Realtime: True
[2023.06.17-06.17.04:032][  0]LogAudioMixer: Display: Audio Mixer Platform Settings:
[2023.06.17-06.17.04:032][  0]LogAudioMixer: Display: 	Sample Rate:						  48000
[2023.06.17-06.17.04:032][  0]LogAudioMixer: Display: 	Callback Buffer Frame Size Requested: 1024
[2023.06.17-06.17.04:032][  0]LogAudioMixer: Display: 	Callback Buffer Frame Size To Use:	  1024
[2023.06.17-06.17.04:032][  0]LogAudioMixer: Display: 	Number of buffers to queue:			  2
[2023.06.17-06.17.04:032][  0]LogAudioMixer: Display: 	Max Channels (voices):				  32
[2023.06.17-06.17.04:032][  0]LogAudioMixer: Display: 	Number of Async Source Workers:		  0
[2023.06.17-06.17.04:041][  0]LogAudio: Display: AudioDevice MaxSources: 32
[2023.06.17-06.17.04:061][  0]LogAudio: Display: Audio Spatialization Plugin: None (built-in).
[2023.06.17-06.17.04:061][  0]LogAudio: Display: Audio Reverb Plugin: None (built-in).
[2023.06.17-06.17.04:061][  0]LogAudio: Display: Audio Occlusion Plugin: None (built-in).
[2023.06.17-06.17.04:061][  0]LogAudioMixer: Display: Initializing audio mixer.
[2023.06.17-06.17.04:183][  0]LogAudioMixer: Display: 0: FrontLeft
[2023.06.17-06.17.04:183][  0]LogAudioMixer: Display: 1: FrontRight
[2023.06.17-06.17.04:544][  0]LogAudioMixer: Display: Using Audio Device Speakers (Realtek(R) Audio)
[2023.06.17-06.17.04:644][  0]LogAudioMixer: Display: Initializing Sound Submixes...
[2023.06.17-06.17.04:663][  0]LogAudioMixer: Display: Creating Master Submix 'MasterSubmixDefault'
[2023.06.17-06.17.04:664][  0]LogAudioMixer: Display: Creating Master Submix 'MasterReverbSubmixDefault'
[2023.06.17-06.17.04:666][  0]LogAudioMixer: Display: Creating Master Submix 'MasterEQSubmixDefault'
[2023.06.17-06.17.04:667][  0]LogAudioMixer: FMixerPlatformXAudio2::StartAudioStream() called
[2023.06.17-06.17.04:667][  0]LogAudioMixer: Display: Output buffers initialized: Frames=1024, Channels=2, Samples=2048
[2023.06.17-06.17.04:669][  0]LogAudioMixer: Display: Starting AudioMixerPlatformInterface::RunInternal()
[2023.06.17-06.17.04:669][  0]LogAudioMixer: Display: FMixerPlatformXAudio2::SubmitBuffer() called for the first time
[2023.06.17-06.17.04:669][  0]LogInit: FAudioDevice initialized.
[2023.06.17-06.17.04:701][  0]LogAudioMixer: Display: Audio Buffer Underrun (starvation) detected.
[2023.06.17-06.17.04:701][  0]LogAudio: Display: Audio Device (ID: 1) registered with world 'Untitled'.
[2023.06.17-06.17.04:749][  0]LogNetVersion: Set ProjectVersion to 1.0.0.0. Version Checksum will be recalculated on next use.
[2023.06.17-06.17.04:990][  0]LogDerivedDataCache: Saved boot cache 0.24s 94MB C:/Users/mrifr/AppData/Local/UnrealEngine/4.27/DerivedDataCache/Boot.ddc.
[2023.06.17-06.17.05:013][  0]LogInit: Texture streaming: Enabled
[2023.06.17-06.17.05:240][  0]LogAnalytics: Display: [UEEditor.Rocket.Release] APIServer = https://datarouter.ol.epicgames.com/. AppVersion = 4.27.2-18319896+++UE4+Release-4.27
[2023.06.17-06.17.05:311][  0]LogEngineSessionManager: EngineSessionManager initialized
[2023.06.17-06.17.05:316][  0]LogEditorSessionSummary: Verbose: Initializing EditorSessionSummaryWriter for editor session tracking
[2023.06.17-06.17.05:353][  0]LogEditorSessionSummary: EditorSessionSummaryWriter initialized
[2023.06.17-06.17.05:836][  0]LogInit: Transaction tracking system initialized
[2023.06.17-06.17.06:206][  0]BlueprintLog: New page: Editor Load
[2023.06.17-06.17.11:810][  0]LocalizationService: Localization service is disabled
[2023.06.17-06.17.12:647][  0]TimingProfiler: Initialize
[2023.06.17-06.17.12:660][  0]TimingProfiler: OnSessionChanged
[2023.06.17-06.17.12:661][  0]LoadingProfiler: Initialize
[2023.06.17-06.17.12:661][  0]LoadingProfiler: OnSessionChanged
[2023.06.17-06.17.12:661][  0]NetworkingProfiler: Initialize
[2023.06.17-06.17.12:686][  0]NetworkingProfiler: OnSessionChanged
[2023.06.17-06.17.12:686][  0]MemoryProfiler: Initialize
[2023.06.17-06.17.12:686][  0]MemoryProfiler: OnSessionChanged
[2023.06.17-06.17.20:187][  0]LogFileCache: Scanning file cache for directory 'C:/Projects/sapr_hackaton_2023/unreal/kakaton2/Content/' took 0.07s
[2023.06.17-06.17.20:187][  0]LogCook: Display: CookSettings for Memory: MemoryMaxUsedVirtual 0MiB, MemoryMaxUsedPhysical 16384MiB, MemoryMinFreeVirtual 0MiB, MemoryMinFreePhysical 1024MiB
[2023.06.17-06.17.20:187][  0]LogCook: Display: Mobile HDR setting 1
[2023.06.17-06.17.47:824][  0]LogInit: Display: Engine is initialized. Leaving FEngineLoop::Init()
[2023.06.17-06.17.48:377][  0]SourceControl: Source control is disabled
[2023.06.17-06.17.48:475][  0]LogUnrealEdMisc: Loading editor; pre map load, took 263.706
[2023.06.17-06.17.48:681][  0]Cmd: MAP LOAD FILE="../../../Engine/Content/Maps/Templates/Template_Default.umap" TEMPLATE=1 SHOWPROGRESS=1 FEATURELEVEL=3
[2023.06.17-06.17.48:742][  0]LightingResults: New page: Lighting Build
[2023.06.17-06.17.49:170][  0]LogWorld: UWorld::CleanupWorld for Untitled, bSessionEnded=true, bCleanupResources=true
[2023.06.17-06.17.49:325][  0]LogSlate: InvalidateAllWidgets triggered.  All widgets were invalidated
[2023.06.17-06.17.49:497][  0]MapCheck: New page: Map Check
[2023.06.17-06.17.49:497][  0]LightingResults: New page: Lighting Build
[2023.06.17-06.17.50:351][  0]LogAudio: Display: Audio Device unregistered from world 'None'.
[2023.06.17-06.17.51:037][  0]LogUObjectHash: Compacting FUObjectHashTables data took   2.12ms
[2023.06.17-06.17.51:866][  0]LogTexture: Display: Building textures: DeprecatedTextureEB9CBE3C423008B5E8E130901E171C89 (BGRA8, 128X128)
[2023.06.17-06.17.52:069][  0]LogAudio: Display: Audio Device (ID: 1) registered with world 'Untitled_1'.
[2023.06.17-06.17.52:081][  0]LogAIModule: Creating AISystem for world Untitled_1
[2023.06.17-06.17.53:104][  0]LogEditorServer: Finished looking for orphan Actors (0.000 secs)
[2023.06.17-06.17.53:269][  0]LogUObjectHash: Compacting FUObjectHashTables data took   1.96ms
[2023.06.17-06.17.53:363][  0]Cmd: MAP CHECKDEP NOCLEARLOG
[2023.06.17-06.17.53:364][  0]MapCheck: Map check complete: 0 Error(s), 0 Warning(s), took 0,584ms to complete.
[2023.06.17-06.17.53:364][  0]LogFileHelpers: Loading map 'Template_Default' took 4.799
[2023.06.17-06.17.55:679][  0]LogUnrealEdMisc: Total Editor Startup Time, took 270.928
[2023.06.17-06.17.56:986][  0]LogSlate: Updating window title bar state: overlay mode, drag disabled, window buttons hidden, title bar hidden
[2023.06.17-06.17.57:037][  0]LogSlate: Updating window title bar state: overlay mode, drag disabled, window buttons hidden, title bar hidden
[2023.06.17-06.17.57:044][  0]LogSlate: Updating window title bar state: overlay mode, drag disabled, window buttons hidden, title bar hidden
[2023.06.17-06.17.57:052][  0]LogSlate: Updating window title bar state: overlay mode, drag disabled, window buttons hidden, title bar hidden
[2023.06.17-06.17.57:726][  0]LogNativeClassHierarchy: Verbose: Native class hierarchy populated in 0.0245 seconds. Added 3822 classes and 928 folders.
[2023.06.17-06.17.57:987][  0]LogNativeClassHierarchy: Verbose: Native class hierarchy updated for 'WidgetCarousel' in 0.0004 seconds. Added 0 classes and 0 folders.
[2023.06.17-06.17.58:166][  0]LogPakFile: PakFile PrimaryIndexSize=187
[2023.06.17-06.17.58:166][  0]LogPakFile: PakFile PathHashIndexSize=101
[2023.06.17-06.17.58:166][  0]LogPakFile: PakFile FullDirectoryIndexSize=148
[2023.06.17-06.17.58:238][  0]LogShaderLibrary: Display: ShaderCodeLibraryPakFileMountedCallback: PakFile 'D:/Games/UE_4.27/FeaturePacks/FP_FirstPerson.upack' (chunk index -1, root 'root:/') mounted
[2023.06.17-06.17.58:238][  0]LogShaderLibrary: Display: ShaderCodeLibraryPakFileMountedCallback: pending pak file info (ChunkID:-1 Root:root:/ File:D:/Games/UE_4.27/FeaturePacks/FP_FirstPerson.upack)
[2023.06.17-06.17.58:255][  0]LogPakFile: OnPakFileMounted2Time == 0.090115
[2023.06.17-06.17.58:318][  0]LogPakFile: PakFile PrimaryIndexSize=189
[2023.06.17-06.17.58:318][  0]LogPakFile: PakFile PathHashIndexSize=101
[2023.06.17-06.17.58:318][  0]LogPakFile: PakFile FullDirectoryIndexSize=152
[2023.06.17-06.17.58:318][  0]LogShaderLibrary: Display: ShaderCodeLibraryPakFileMountedCallback: PakFile 'D:/Games/UE_4.27/FeaturePacks/FP_FirstPersonBP.upack' (chunk index -1, root 'root:/') mounted
[2023.06.17-06.17.58:318][  0]LogShaderLibrary: Display: ShaderCodeLibraryPakFileMountedCallback: pending pak file info (ChunkID:-1 Root:root:/ File:D:/Games/UE_4.27/FeaturePacks/FP_FirstPersonBP.upack)
[2023.06.17-06.17.58:318][  0]LogPakFile: OnPakFileMounted2Time == 0.000377
[2023.06.17-06.17.58:374][  0]LogPakFile: PakFile PrimaryIndexSize=191
[2023.06.17-06.17.58:374][  0]LogPakFile: PakFile PathHashIndexSize=101
[2023.06.17-06.17.58:374][  0]LogPakFile: PakFile FullDirectoryIndexSize=160
[2023.06.17-06.17.58:374][  0]LogShaderLibrary: Display: ShaderCodeLibraryPakFileMountedCallback: PakFile 'D:/Games/UE_4.27/FeaturePacks/MobileStarterContent.upack' (chunk index -1, root 'root:/') mounted
[2023.06.17-06.17.58:374][  0]LogShaderLibrary: Display: ShaderCodeLibraryPakFileMountedCallback: pending pak file info (ChunkID:-1 Root:root:/ File:D:/Games/UE_4.27/FeaturePacks/MobileStarterContent.upack)
[2023.06.17-06.17.58:374][  0]LogPakFile: OnPakFileMounted2Time == 0.000067
[2023.06.17-06.17.58:386][  0]LogPakFile: PakFile PrimaryIndexSize=185
[2023.06.17-06.17.58:386][  0]LogPakFile: PakFile PathHashIndexSize=101
[2023.06.17-06.17.58:386][  0]LogPakFile: PakFile FullDirectoryIndexSize=148
[2023.06.17-06.17.58:386][  0]LogShaderLibrary: Display: ShaderCodeLibraryPakFileMountedCallback: PakFile 'D:/Games/UE_4.27/FeaturePacks/StarterContent.upack' (chunk index -1, root 'root:/') mounted
[2023.06.17-06.17.58:387][  0]LogShaderLibrary: Display: ShaderCodeLibraryPakFileMountedCallback: pending pak file info (ChunkID:-1 Root:root:/ File:D:/Games/UE_4.27/FeaturePacks/StarterContent.upack)
[2023.06.17-06.17.58:387][  0]LogPakFile: OnPakFileMounted2Time == 0.000072
[2023.06.17-06.17.58:400][  0]LogPakFile: PakFile PrimaryIndexSize=190
[2023.06.17-06.17.58:400][  0]LogPakFile: PakFile PathHashIndexSize=101
[2023.06.17-06.17.58:400][  0]LogPakFile: PakFile FullDirectoryIndexSize=154
[2023.06.17-06.17.58:400][  0]LogShaderLibrary: Display: ShaderCodeLibraryPakFileMountedCallback: PakFile 'D:/Games/UE_4.27/FeaturePacks/TP_2DSideScroller.upack' (chunk index -1, root 'root:/') mounted
[2023.06.17-06.17.58:400][  0]LogShaderLibrary: Display: ShaderCodeLibraryPakFileMountedCallback: pending pak file info (ChunkID:-1 Root:root:/ File:D:/Games/UE_4.27/FeaturePacks/TP_2DSideScroller.upack)
[2023.06.17-06.17.58:400][  0]LogPakFile: OnPakFileMounted2Time == 0.000101
[2023.06.17-06.17.58:403][  0]LogPakFile: PakFile PrimaryIndexSize=192
[2023.06.17-06.17.58:403][  0]LogPakFile: PakFile PathHashIndexSize=101
[2023.06.17-06.17.58:403][  0]LogPakFile: PakFile FullDirectoryIndexSize=158
[2023.06.17-06.17.58:403][  0]LogShaderLibrary: Display: ShaderCodeLibraryPakFileMountedCallback: PakFile 'D:/Games/UE_4.27/FeaturePacks/TP_2DSideScrollerBP.upack' (chunk index -1, root 'root:/') mounted
[2023.06.17-06.17.58:403][  0]LogShaderLibrary: Display: ShaderCodeLibraryPakFileMountedCallback: pending pak file info (ChunkID:-1 Root:root:/ File:D:/Games/UE_4.27/FeaturePacks/TP_2DSideScrollerBP.upack)
[2023.06.17-06.17.58:403][  0]LogPakFile: OnPakFileMounted2Time == 0.000075
[2023.06.17-06.17.58:405][  0]LogPakFile: PakFile PrimaryIndexSize=182
[2023.06.17-06.17.58:405][  0]LogPakFile: PakFile PathHashIndexSize=101
[2023.06.17-06.17.58:405][  0]LogPakFile: PakFile FullDirectoryIndexSize=138
[2023.06.17-06.17.58:405][  0]LogShaderLibrary: Display: ShaderCodeLibraryPakFileMountedCallback: PakFile 'D:/Games/UE_4.27/FeaturePacks/TP_Flying.upack' (chunk index -1, root 'root:/') mounted
[2023.06.17-06.17.58:406][  0]LogShaderLibrary: Display: ShaderCodeLibraryPakFileMountedCallback: pending pak file info (ChunkID:-1 Root:root:/ File:D:/Games/UE_4.27/FeaturePacks/TP_Flying.upack)
[2023.06.17-06.17.58:406][  0]LogPakFile: OnPakFileMounted2Time == 0.000062
[2023.06.17-06.17.58:407][  0]LogPakFile: PakFile PrimaryIndexSize=184
[2023.06.17-06.17.58:407][  0]LogPakFile: PakFile PathHashIndexSize=101
[2023.06.17-06.17.58:407][  0]LogPakFile: PakFile FullDirectoryIndexSize=142
[2023.06.17-06.17.58:407][  0]LogShaderLibrary: Display: ShaderCodeLibraryPakFileMountedCallback: PakFile 'D:/Games/UE_4.27/FeaturePacks/TP_FlyingBP.upack' (chunk index -1, root 'root:/') mounted
[2023.06.17-06.17.58:407][  0]LogShaderLibrary: Display: ShaderCodeLibraryPakFileMountedCallback: pending pak file info (ChunkID:-1 Root:root:/ File:D:/Games/UE_4.27/FeaturePacks/TP_FlyingBP.upack)
[2023.06.17-06.17.58:407][  0]LogPakFile: OnPakFileMounted2Time == 0.000042
[2023.06.17-06.17.58:429][  0]LogPakFile: PakFile PrimaryIndexSize=188
[2023.06.17-06.17.58:429][  0]LogPakFile: PakFile PathHashIndexSize=101
[2023.06.17-06.17.58:429][  0]LogPakFile: PakFile FullDirectoryIndexSize=150
[2023.06.17-06.17.58:429][  0]LogShaderLibrary: Display: ShaderCodeLibraryPakFileMountedCallback: PakFile 'D:/Games/UE_4.27/FeaturePacks/TP_HandheldARBP.upack' (chunk index -1, root 'root:/') mounted
[2023.06.17-06.17.58:429][  0]LogShaderLibrary: Display: ShaderCodeLibraryPakFileMountedCallback: pending pak file info (ChunkID:-1 Root:root:/ File:D:/Games/UE_4.27/FeaturePacks/TP_HandheldARBP.upack)
[2023.06.17-06.17.58:429][  0]LogPakFile: OnPakFileMounted2Time == 0.000057
[2023.06.17-06.17.58:442][  0]LogPakFile: PakFile PrimaryIndexSize=182
[2023.06.17-06.17.58:442][  0]LogPakFile: PakFile PathHashIndexSize=101
[2023.06.17-06.17.58:442][  0]LogPakFile: PakFile FullDirectoryIndexSize=138
[2023.06.17-06.17.58:442][  0]LogShaderLibrary: Display: ShaderCodeLibraryPakFileMountedCallback: PakFile 'D:/Games/UE_4.27/FeaturePacks/TP_Puzzle.upack' (chunk index -1, root 'root:/') mounted
[2023.06.17-06.17.58:442][  0]LogShaderLibrary: Display: ShaderCodeLibraryPakFileMountedCallback: pending pak file info (ChunkID:-1 Root:root:/ File:D:/Games/UE_4.27/FeaturePacks/TP_Puzzle.upack)
[2023.06.17-06.17.58:442][  0]LogPakFile: OnPakFileMounted2Time == 0.000061
[2023.06.17-06.17.58:462][  0]LogPakFile: PakFile PrimaryIndexSize=184
[2023.06.17-06.17.58:462][  0]LogPakFile: PakFile PathHashIndexSize=101
[2023.06.17-06.17.58:463][  0]LogPakFile: PakFile FullDirectoryIndexSize=142
[2023.06.17-06.17.58:463][  0]LogShaderLibrary: Display: ShaderCodeLibraryPakFileMountedCallback: PakFile 'D:/Games/UE_4.27/FeaturePacks/TP_PuzzleBP.upack' (chunk index -1, root 'root:/') mounted
[2023.06.17-06.17.58:463][  0]LogShaderLibrary: Display: ShaderCodeLibraryPakFileMountedCallback: pending pak file info (ChunkID:-1 Root:root:/ File:D:/Games/UE_4.27/FeaturePacks/TP_PuzzleBP.upack)
[2023.06.17-06.17.58:463][  0]LogPakFile: OnPakFileMounted2Time == 0.000056
[2023.06.17-06.17.58:464][  0]LogPakFile: PakFile PrimaryIndexSize=183
[2023.06.17-06.17.58:464][  0]LogPakFile: PakFile PathHashIndexSize=101
[2023.06.17-06.17.58:464][  0]LogPakFile: PakFile FullDirectoryIndexSize=140
[2023.06.17-06.17.58:464][  0]LogShaderLibrary: Display: ShaderCodeLibraryPakFileMountedCallback: PakFile 'D:/Games/UE_4.27/FeaturePacks/TP_Rolling.upack' (chunk index -1, root 'root:/') mounted
[2023.06.17-06.17.58:464][  0]LogShaderLibrary: Display: ShaderCodeLibraryPakFileMountedCallback: pending pak file info (ChunkID:-1 Root:root:/ File:D:/Games/UE_4.27/FeaturePacks/TP_Rolling.upack)
[2023.06.17-06.17.58:464][  0]LogPakFile: OnPakFileMounted2Time == 0.000052
[2023.06.17-06.17.58:467][  0]LogPakFile: PakFile PrimaryIndexSize=185
[2023.06.17-06.17.58:467][  0]LogPakFile: PakFile PathHashIndexSize=101
[2023.06.17-06.17.58:467][  0]LogPakFile: PakFile FullDirectoryIndexSize=144
[2023.06.17-06.17.58:467][  0]LogShaderLibrary: Display: ShaderCodeLibraryPakFileMountedCallback: PakFile 'D:/Games/UE_4.27/FeaturePacks/TP_RollingBP.upack' (chunk index -1, root 'root:/') mounted
[2023.06.17-06.17.58:467][  0]LogShaderLibrary: Display: ShaderCodeLibraryPakFileMountedCallback: pending pak file info (ChunkID:-1 Root:root:/ File:D:/Games/UE_4.27/FeaturePacks/TP_RollingBP.upack)
[2023.06.17-06.17.58:467][  0]LogPakFile: OnPakFileMounted2Time == 0.000059
[2023.06.17-06.17.58:469][  0]LogPakFile: PakFile PrimaryIndexSize=188
[2023.06.17-06.17.58:469][  0]LogPakFile: PakFile PathHashIndexSize=101
[2023.06.17-06.17.58:470][  0]LogPakFile: PakFile FullDirectoryIndexSize=150
[2023.06.17-06.17.58:470][  0]LogShaderLibrary: Display: ShaderCodeLibraryPakFileMountedCallback: PakFile 'D:/Games/UE_4.27/FeaturePacks/TP_SideScroller.upack' (chunk index -1, root 'root:/') mounted
[2023.06.17-06.17.58:470][  0]LogShaderLibrary: Display: ShaderCodeLibraryPakFileMountedCallback: pending pak file info (ChunkID:-1 Root:root:/ File:D:/Games/UE_4.27/FeaturePacks/TP_SideScroller.upack)
[2023.06.17-06.17.58:470][  0]LogPakFile: OnPakFileMounted2Time == 0.000063
[2023.06.17-06.17.58:472][  0]LogPakFile: PakFile PrimaryIndexSize=190
[2023.06.17-06.17.58:472][  0]LogPakFile: PakFile PathHashIndexSize=101
[2023.06.17-06.17.58:472][  0]LogPakFile: PakFile FullDirectoryIndexSize=154
[2023.06.17-06.17.58:472][  0]LogShaderLibrary: Display: ShaderCodeLibraryPakFileMountedCallback: PakFile 'D:/Games/UE_4.27/FeaturePacks/TP_SideScrollerBP.upack' (chunk index -1, root 'root:/') mounted
[2023.06.17-06.17.58:472][  0]LogShaderLibrary: Display: ShaderCodeLibraryPakFileMountedCallback: pending pak file info (ChunkID:-1 Root:root:/ File:D:/Games/UE_4.27/FeaturePacks/TP_SideScrollerBP.upack)
[2023.06.17-06.17.58:472][  0]LogPakFile: OnPakFileMounted2Time == 0.000048
[2023.06.17-06.17.58:474][  0]LogPakFile: PakFile PrimaryIndexSize=187
[2023.06.17-06.17.58:474][  0]LogPakFile: PakFile PathHashIndexSize=101
[2023.06.17-06.17.58:474][  0]LogPakFile: PakFile FullDirectoryIndexSize=148
[2023.06.17-06.17.58:474][  0]LogShaderLibrary: Display: ShaderCodeLibraryPakFileMountedCallback: PakFile 'D:/Games/UE_4.27/FeaturePacks/TP_ThirdPerson.upack' (chunk index -1, root 'root:/') mounted
[2023.06.17-06.17.58:474][  0]LogShaderLibrary: Display: ShaderCodeLibraryPakFileMountedCallback: pending pak file info (ChunkID:-1 Root:root:/ File:D:/Games/UE_4.27/FeaturePacks/TP_ThirdPerson.upack)
[2023.06.17-06.17.58:474][  0]LogPakFile: OnPakFileMounted2Time == 0.000046
[2023.06.17-06.17.58:476][  0]LogPakFile: PakFile PrimaryIndexSize=189
[2023.06.17-06.17.58:476][  0]LogPakFile: PakFile PathHashIndexSize=101
[2023.06.17-06.17.58:476][  0]LogPakFile: PakFile FullDirectoryIndexSize=152
[2023.06.17-06.17.58:476][  0]LogShaderLibrary: Display: ShaderCodeLibraryPakFileMountedCallback: PakFile 'D:/Games/UE_4.27/FeaturePacks/TP_ThirdPersonBP.upack' (chunk index -1, root 'root:/') mounted
[2023.06.17-06.17.58:476][  0]LogShaderLibrary: Display: ShaderCodeLibraryPakFileMountedCallback: pending pak file info (ChunkID:-1 Root:root:/ File:D:/Games/UE_4.27/FeaturePacks/TP_ThirdPersonBP.upack)
[2023.06.17-06.17.58:476][  0]LogPakFile: OnPakFileMounted2Time == 0.000039
[2023.06.17-06.17.58:478][  0]LogPakFile: PakFile PrimaryIndexSize=183
[2023.06.17-06.17.58:478][  0]LogPakFile: PakFile PathHashIndexSize=101
[2023.06.17-06.17.58:478][  0]LogPakFile: PakFile FullDirectoryIndexSize=140
[2023.06.17-06.17.58:478][  0]LogShaderLibrary: Display: ShaderCodeLibraryPakFileMountedCallback: PakFile 'D:/Games/UE_4.27/FeaturePacks/TP_TopDown.upack' (chunk index -1, root 'root:/') mounted
[2023.06.17-06.17.58:478][  0]LogShaderLibrary: Display: ShaderCodeLibraryPakFileMountedCallback: pending pak file info (ChunkID:-1 Root:root:/ File:D:/Games/UE_4.27/FeaturePacks/TP_TopDown.upack)
[2023.06.17-06.17.58:478][  0]LogPakFile: OnPakFileMounted2Time == 0.000047
[2023.06.17-06.17.58:479][  0]LogPakFile: PakFile PrimaryIndexSize=185
[2023.06.17-06.17.58:479][  0]LogPakFile: PakFile PathHashIndexSize=101
[2023.06.17-06.17.58:479][  0]LogPakFile: PakFile FullDirectoryIndexSize=144
[2023.06.17-06.17.58:479][  0]LogShaderLibrary: Display: ShaderCodeLibraryPakFileMountedCallback: PakFile 'D:/Games/UE_4.27/FeaturePacks/TP_TopDownBP.upack' (chunk index -1, root 'root:/') mounted
[2023.06.17-06.17.58:480][  0]LogShaderLibrary: Display: ShaderCodeLibraryPakFileMountedCallback: pending pak file info (ChunkID:-1 Root:root:/ File:D:/Games/UE_4.27/FeaturePacks/TP_TopDownBP.upack)
[2023.06.17-06.17.58:480][  0]LogPakFile: OnPakFileMounted2Time == 0.000052
[2023.06.17-06.17.58:481][  0]LogPakFile: PakFile PrimaryIndexSize=185
[2023.06.17-06.17.58:481][  0]LogPakFile: PakFile PathHashIndexSize=101
[2023.06.17-06.17.58:481][  0]LogPakFile: PakFile FullDirectoryIndexSize=144
[2023.06.17-06.17.58:481][  0]LogShaderLibrary: Display: ShaderCodeLibraryPakFileMountedCallback: PakFile 'D:/Games/UE_4.27/FeaturePacks/TP_TwinStick.upack' (chunk index -1, root 'root:/') mounted
[2023.06.17-06.17.58:481][  0]LogShaderLibrary: Display: ShaderCodeLibraryPakFileMountedCallback: pending pak file info (ChunkID:-1 Root:root:/ File:D:/Games/UE_4.27/FeaturePacks/TP_TwinStick.upack)
[2023.06.17-06.17.58:481][  0]LogPakFile: OnPakFileMounted2Time == 0.000053
[2023.06.17-06.17.58:493][  0]LogPakFile: PakFile PrimaryIndexSize=187
[2023.06.17-06.17.58:493][  0]LogPakFile: PakFile PathHashIndexSize=101
[2023.06.17-06.17.58:493][  0]LogPakFile: PakFile FullDirectoryIndexSize=148
[2023.06.17-06.17.58:494][  0]LogShaderLibrary: Display: ShaderCodeLibraryPakFileMountedCallback: PakFile 'D:/Games/UE_4.27/FeaturePacks/TP_TwinStickBP.upack' (chunk index -1, root 'root:/') mounted
[2023.06.17-06.17.58:494][  0]LogShaderLibrary: Display: ShaderCodeLibraryPakFileMountedCallback: pending pak file info (ChunkID:-1 Root:root:/ File:D:/Games/UE_4.27/FeaturePacks/TP_TwinStickBP.upack)
[2023.06.17-06.17.58:494][  0]LogPakFile: OnPakFileMounted2Time == 0.000059
[2023.06.17-06.17.58:517][  0]LogPakFile: PakFile PrimaryIndexSize=183
[2023.06.17-06.17.58:517][  0]LogPakFile: PakFile PathHashIndexSize=101
[2023.06.17-06.17.58:517][  0]LogPakFile: PakFile FullDirectoryIndexSize=140
[2023.06.17-06.17.58:517][  0]LogShaderLibrary: Display: ShaderCodeLibraryPakFileMountedCallback: PakFile 'D:/Games/UE_4.27/FeaturePacks/TP_Vehicle.upack' (chunk index -1, root 'root:/') mounted
[2023.06.17-06.17.58:517][  0]LogShaderLibrary: Display: ShaderCodeLibraryPakFileMountedCallback: pending pak file info (ChunkID:-1 Root:root:/ File:D:/Games/UE_4.27/FeaturePacks/TP_Vehicle.upack)
[2023.06.17-06.17.58:517][  0]LogPakFile: OnPakFileMounted2Time == 0.000057
[2023.06.17-06.17.58:519][  0]LogPakFile: PakFile PrimaryIndexSize=186
[2023.06.17-06.17.58:519][  0]LogPakFile: PakFile PathHashIndexSize=101
[2023.06.17-06.17.58:519][  0]LogPakFile: PakFile FullDirectoryIndexSize=146
[2023.06.17-06.17.58:519][  0]LogShaderLibrary: Display: ShaderCodeLibraryPakFileMountedCallback: PakFile 'D:/Games/UE_4.27/FeaturePacks/TP_VehicleAdv.upack' (chunk index -1, root 'root:/') mounted
[2023.06.17-06.17.58:519][  0]LogShaderLibrary: Display: ShaderCodeLibraryPakFileMountedCallback: pending pak file info (ChunkID:-1 Root:root:/ File:D:/Games/UE_4.27/FeaturePacks/TP_VehicleAdv.upack)
[2023.06.17-06.17.58:519][  0]LogPakFile: OnPakFileMounted2Time == 0.000113
[2023.06.17-06.17.58:522][  0]LogPakFile: PakFile PrimaryIndexSize=188
[2023.06.17-06.17.58:522][  0]LogPakFile: PakFile PathHashIndexSize=101
[2023.06.17-06.17.58:522][  0]LogPakFile: PakFile FullDirectoryIndexSize=150
[2023.06.17-06.17.58:522][  0]LogShaderLibrary: Display: ShaderCodeLibraryPakFileMountedCallback: PakFile 'D:/Games/UE_4.27/FeaturePacks/TP_VehicleAdvBP.upack' (chunk index -1, root 'root:/') mounted
[2023.06.17-06.17.58:522][  0]LogShaderLibrary: Display: ShaderCodeLibraryPakFileMountedCallback: pending pak file info (ChunkID:-1 Root:root:/ File:D:/Games/UE_4.27/FeaturePacks/TP_VehicleAdvBP.upack)
[2023.06.17-06.17.58:522][  0]LogPakFile: OnPakFileMounted2Time == 0.000045
[2023.06.17-06.17.58:524][  0]LogPakFile: PakFile PrimaryIndexSize=185
[2023.06.17-06.17.58:524][  0]LogPakFile: PakFile PathHashIndexSize=101
[2023.06.17-06.17.58:524][  0]LogPakFile: PakFile FullDirectoryIndexSize=144
[2023.06.17-06.17.58:524][  0]LogShaderLibrary: Display: ShaderCodeLibraryPakFileMountedCallback: PakFile 'D:/Games/UE_4.27/FeaturePacks/TP_VehicleBP.upack' (chunk index -1, root 'root:/') mounted
[2023.06.17-06.17.58:524][  0]LogShaderLibrary: Display: ShaderCodeLibraryPakFileMountedCallback: pending pak file info (ChunkID:-1 Root:root:/ File:D:/Games/UE_4.27/FeaturePacks/TP_VehicleBP.upack)
[2023.06.17-06.17.58:524][  0]LogPakFile: OnPakFileMounted2Time == 0.000092
[2023.06.17-06.17.58:547][  0]LogPakFile: PakFile PrimaryIndexSize=192
[2023.06.17-06.17.58:547][  0]LogPakFile: PakFile PathHashIndexSize=101
[2023.06.17-06.17.58:547][  0]LogPakFile: PakFile FullDirectoryIndexSize=158
[2023.06.17-06.17.58:547][  0]LogShaderLibrary: Display: ShaderCodeLibraryPakFileMountedCallback: PakFile 'D:/Games/UE_4.27/FeaturePacks/TP_VirtualRealityBP.upack' (chunk index -1, root 'root:/') mounted
[2023.06.17-06.17.58:547][  0]LogShaderLibrary: Display: ShaderCodeLibraryPakFileMountedCallback: pending pak file info (ChunkID:-1 Root:root:/ File:D:/Games/UE_4.27/FeaturePacks/TP_VirtualRealityBP.upack)
[2023.06.17-06.17.58:547][  0]LogPakFile: OnPakFileMounted2Time == 0.000057
[2023.06.17-06.18.01:081][  0]LogNativeClassHierarchy: Verbose: Native class hierarchy updated for 'AddContentDialog' in 0.0004 seconds. Added 0 classes and 0 folders.
[2023.06.17-06.18.01:227][  0]LogNativeClassHierarchy: Verbose: Native class hierarchy updated for 'SceneOutliner' in 0.0004 seconds. Added 2 classes and 0 folders.
[2023.06.17-06.18.02:309][  0]LogSlate: Took 0.062191 seconds to synchronously load lazily loaded font '../../../Engine/Content/Slate/Fonts/Roboto-Regular.ttf' (155K)
[2023.06.17-06.18.02:378][  0]LogSlate: Took 0.032737 seconds to synchronously load lazily loaded font '../../../Engine/Content/Editor/Slate/Fonts/FontAwesome.ttf' (139K)
[2023.06.17-06.18.02:429][  0]LogSlate: Took 0.023926 seconds to synchronously load lazily loaded font '../../../Engine/Content/Slate/Fonts/Roboto-Bold.ttf' (160K)
[2023.06.17-06.18.03:665][  0]LogRenderer: Reallocating scene render targets to support 964x432 Format 10 NumSamples 1 (Frame:1).
[2023.06.17-06.18.05:280][  0]LogNativeClassHierarchy: Verbose: Native class hierarchy updated for 'HierarchicalLODOutliner' in 0.0005 seconds. Added 0 classes and 0 folders.
[2023.06.17-06.18.05:300][  0]LogLoad: (Engine Initialization) Total time: 280.55 seconds
[2023.06.17-06.18.05:300][  0]LogLoad: (Engine Initialization) Total Blueprint compile time: 0.00 seconds
[2023.06.17-06.18.07:849][  0]LogContentStreaming: Texture pool size now 1000 MB
[2023.06.17-06.18.16:624][  2]LogAssetRegistry: Asset discovery search completed in 175.8507 seconds
[2023.06.17-06.18.18:824][  2]LogCollectionManager: Fixed up redirectors for 0 collections in 0.044817 seconds (updated 0 objects)
[2023.06.17-06.18.18:963][  2]LogSlate: Took 0.053517 seconds to synchronously load lazily loaded font '../../../Engine/Content/Slate/Fonts/Roboto-Light.ttf' (167K)
[2023.06.17-06.18.19:973][  2]LogSlate: Took 0.000212 seconds to synchronously load lazily loaded font '../../../Engine/Content/Slate/Fonts/Roboto-Light.ttf' (167K)
